#
# There is insufficient memory for the Java Runtime Environment to continue.
# Native memory allocation (malloc) failed to allocate 1223296 bytes. Error detail: Chunk::new
# Possible reasons:
#   The system is out of physical RAM or swap space
#   This process is running with CompressedOops enabled, and the Java Heap may be blocking the growth of the native heap
# Possible solutions:
#   Reduce memory load on the system
#   Increase physical memory or swap space
#   Check if swap backing store is full
#   Decrease Java heap size (-Xmx/-Xms)
#   Decrease number of Java threads
#   Decrease Java thread stack sizes (-Xss)
#   Set larger code cache with -XX:ReservedCodeCacheSize=
#   JVM is running with Unscaled Compressed Oops mode in which the Java heap is
#     placed in the first 4GB address space. The Java Heap base address is the
#     maximum limit for the native heap growth. Please use -XX:HeapBaseMinAddress
#     to set the Java Heap base and to place the Java Heap above 4GB virtual address.
# This output file may be truncated or incomplete.
#
#  Out of Memory Error (arena.cpp:150), pid=10504, tid=6936
#
# JRE version: Java(TM) SE Runtime Environment (22.0.1+8) (build 22.0.1+8-16)
# Java VM: Java HotSpot(TM) 64-Bit Server VM (22.0.1+8-16, mixed mode, sharing, tiered, compressed oops, compressed class ptrs, g1 gc, windows-amd64)
# No core dump will be written. Minidumps are not enabled by default on client versions of Windows
#

---------------  S U M M A R Y ------------

Command Line: -ea --enable-preview -Didea.test.cyclic.buffer.size=1048576 -javaagent:C:\Program Files\JetBrains\IntelliJ IDEA Community Edition 2023.3.6\lib\idea_rt.jar=1259:C:\Program Files\JetBrains\IntelliJ IDEA Community Edition 2023.3.6\bin -Dfile.encoding=UTF-8 -Dsun.stdout.encoding=UTF-8 -Dsun.stderr.encoding=UTF-8 com.intellij.rt.testng.RemoteTestNGStarter -usedefaultlisteners false -socket1258 @w@C:\Users\hp\AppData\Local\Temp\idea_working_dirs_testng6.tmp -temp C:\Users\hp\AppData\Local\Temp\idea_testng4.tmp

Host: Intel(R) Core(TM) i5-6200U CPU @ 2.30GHz, 4 cores, 3G,  Windows 10 , 64 bit Build 19041 (10.0.19041.3636)
Time: Mon May 20 01:00:44 2024 Bangladesh Standard Time elapsed time: 2.956422 seconds (0d 0h 0m 2s)

---------------  T H R E A D  ---------------

Current thread (0x000001d95069f2a0):  JavaThread "C2 CompilerThread1" daemon [_thread_in_native, id=6936, stack(0x000000cfe0a00000,0x000000cfe0b00000) (1024K)]


Current CompileTask:
C2:2956 2338       4       java.lang.invoke.MethodType::makeImpl (109 bytes)

Stack: [0x000000cfe0a00000,0x000000cfe0b00000]
Native frames: (J=compiled Java code, j=interpreted, Vv=VM code, C=native code)
V  [jvm.dll+0x6e2279]  (no source info available)
V  [jvm.dll+0x874e33]  (no source info available)
V  [jvm.dll+0x87725e]  (no source info available)
V  [jvm.dll+0x877933]  (no source info available)
V  [jvm.dll+0x27fd76]  (no source info available)
V  [jvm.dll+0xc3d0f]  (no source info available)
V  [jvm.dll+0xc3f6b]  (no source info available)
V  [jvm.dll+0x2f3c2f]  (no source info available)
V  [jvm.dll+0x60bc9a]  (no source info available)
V  [jvm.dll+0x249a35]  (no source info available)
V  [jvm.dll+0x246ec6]  (no source info available)
V  [jvm.dll+0x1c4e90]  (no source info available)
V  [jvm.dll+0x2569fe]  (no source info available)
V  [jvm.dll+0x254cba]  (no source info available)
V  [jvm.dll+0x3f5336]  (no source info available)
V  [jvm.dll+0x81d44b]  (no source info available)
V  [jvm.dll+0x6e0915]  (no source info available)
C  [ucrtbase.dll+0x21bb2]  (no source info available)
C  [KERNEL32.DLL+0x17344]  (no source info available)
C  [ntdll.dll+0x526b1]  (no source info available)


---------------  P R O C E S S  ---------------

Threads class SMR info:
_java_thread_list=0x000001d9555737d0, length=20, elements={
0x000001d97224a360, 0x000001d950137e10, 0x000001d95013bba0, 0x000001d95013d370,
0x000001d95013e570, 0x000001d95013efd0, 0x000001d95013fd90, 0x000001d950140b20,
0x000001d95019c160, 0x000001d950364960, 0x000001d950491210, 0x000001d950493bd0,
0x000001d95069f2a0, 0x000001d9553bf390, 0x000001d9553c0300, 0x000001d9553c8980,
0x000001d955450f00, 0x000001d95544ee30, 0x000001d955451590, 0x000001d95544f4c0
}

Java Threads: ( => current thread )
  0x000001d97224a360 JavaThread "main"                              [_thread_in_vm, id=12200, stack(0x000000cfdf700000,0x000000cfdf800000) (1024K)]
  0x000001d950137e10 JavaThread "Reference Handler"          daemon [_thread_blocked, id=10068, stack(0x000000cfdff00000,0x000000cfe0000000) (1024K)]
  0x000001d95013bba0 JavaThread "Finalizer"                  daemon [_thread_blocked, id=9032, stack(0x000000cfe0000000,0x000000cfe0100000) (1024K)]
  0x000001d95013d370 JavaThread "Signal Dispatcher"          daemon [_thread_blocked, id=15776, stack(0x000000cfe0100000,0x000000cfe0200000) (1024K)]
  0x000001d95013e570 JavaThread "Attach Listener"            daemon [_thread_blocked, id=13284, stack(0x000000cfe0200000,0x000000cfe0300000) (1024K)]
  0x000001d95013efd0 JavaThread "Service Thread"             daemon [_thread_blocked, id=13844, stack(0x000000cfe0300000,0x000000cfe0400000) (1024K)]
  0x000001d95013fd90 JavaThread "Monitor Deflation Thread"   daemon [_thread_blocked, id=14780, stack(0x000000cfe0400000,0x000000cfe0500000) (1024K)]
  0x000001d950140b20 JavaThread "C2 CompilerThread0"         daemon [_thread_in_native, id=7204, stack(0x000000cfe0500000,0x000000cfe0600000) (1024K)]
  0x000001d95019c160 JavaThread "C1 CompilerThread0"         daemon [_thread_blocked, id=3460, stack(0x000000cfe0600000,0x000000cfe0700000) (1024K)]
  0x000001d950364960 JavaThread "Common-Cleaner"             daemon [_thread_blocked, id=9656, stack(0x000000cfe0700000,0x000000cfe0800000) (1024K)]
  0x000001d950491210 JavaThread "Monitor Ctrl-Break"         daemon [_thread_in_native, id=15384, stack(0x000000cfe0800000,0x000000cfe0900000) (1024K)]
  0x000001d950493bd0 JavaThread "Notification Thread"        daemon [_thread_blocked, id=6360, stack(0x000000cfe0900000,0x000000cfe0a00000) (1024K)]
=>0x000001d95069f2a0 JavaThread "C2 CompilerThread1"         daemon [_thread_in_native, id=6936, stack(0x000000cfe0a00000,0x000000cfe0b00000) (1024K)]
  0x000001d9553bf390 JavaThread "ForkJoinPool.commonPool-worker-1" daemon [_thread_blocked, id=9732, stack(0x000000cfe0e00000,0x000000cfe0f00000) (1024K)]
  0x000001d9553c0300 JavaThread "ForkJoinPool.commonPool-worker-2" daemon [_thread_blocked, id=16212, stack(0x000000cfe0f00000,0x000000cfe1000000) (1024K)]
  0x000001d9553c8980 JavaThread "ForkJoinPool.commonPool-worker-3" daemon [_thread_blocked, id=15604, stack(0x000000cfe1000000,0x000000cfe1100000) (1024K)]
  0x000001d955450f00 JavaThread "HttpClient-1-SelectorManager" daemon [_thread_in_native, id=9744, stack(0x000000cfe1100000,0x000000cfe1200000) (1024K)]
  0x000001d95544ee30 JavaThread "Driver Service Executor"    daemon [_thread_blocked, id=14152, stack(0x000000cfe1300000,0x000000cfe1400000) (1024K)]
  0x000001d955451590 JavaThread "Driver Service Executor"    daemon [_thread_blocked, id=9948, stack(0x000000cfe1400000,0x000000cfe1500000) (1024K)]
  0x000001d95544f4c0 JavaThread "UrlChecker-2"               daemon [_thread_blocked, id=12772, stack(0x000000cfe1500000,0x000000cfe1600000) (1024K)]
Total: 20

Other Threads:
  0x000001d97230cfd0 VMThread "VM Thread"                           [id=14388, stack(0x000000cfdfe00000,0x000000cfdff00000) (1024K)]
  0x000001d95011c210 WatcherThread "VM Periodic Task Thread"        [id=12672, stack(0x000000cfdfd00000,0x000000cfdfe00000) (1024K)]
  0x000001d9722844c0 WorkerThread "GC Thread#0"                     [id=16120, stack(0x000000cfdf800000,0x000000cfdf900000) (1024K)]
  0x000001d950a45fb0 WorkerThread "GC Thread#1"                     [id=15388, stack(0x000000cfe0b00000,0x000000cfe0c00000) (1024K)]
  0x000001d950aa0f40 WorkerThread "GC Thread#2"                     [id=2236, stack(0x000000cfe0c00000,0x000000cfe0d00000) (1024K)]
  0x000001d950aacdd0 WorkerThread "GC Thread#3"                     [id=1216, stack(0x000000cfe0d00000,0x000000cfe0e00000) (1024K)]
  0x000001d97228efa0 ConcurrentGCThread "G1 Main Marker"            [id=12660, stack(0x000000cfdf900000,0x000000cfdfa00000) (1024K)]
  0x000001d972290280 WorkerThread "G1 Conc#0"                       [id=15852, stack(0x000000cfdfa00000,0x000000cfdfb00000) (1024K)]
  0x000001d9722e61d0 ConcurrentGCThread "G1 Refine#0"               [id=14800, stack(0x000000cfdfb00000,0x000000cfdfc00000) (1024K)]
  0x000001d9722e6d10 ConcurrentGCThread "G1 Service"                [id=12912, stack(0x000000cfdfc00000,0x000000cfdfd00000) (1024K)]
Total: 10

Threads with active compile tasks:
C2 CompilerThread0  3204 2428       4       java.lang.invoke.MethodType::methodType (69 bytes)
C2 CompilerThread1  3204 2338       4       java.lang.invoke.MethodType::makeImpl (109 bytes)
Total: 2

VM state: not at safepoint (normal execution)

VM Mutex/Monitor currently owned by a thread: None

Heap address: 0x00000000c1a00000, size: 998 MB, Compressed Oops mode: 32-bit

CDS archive(s) mapped at: [0x000001d90f000000-0x000001d90fc60000-0x000001d90fc60000), size 12976128, SharedBaseAddress: 0x000001d90f000000, ArchiveRelocationMode: 1.
Compressed class space mapped at: 0x000001d910000000-0x000001d950000000, reserved size: 1073741824
Narrow klass base: 0x000001d90f000000, Narrow klass shift: 0, Narrow klass range: 0x41000000

GC Precious Log:
 CardTable entry size: 512
 Card Set container configuration: InlinePtr #cards 5 size 8 Array Of Cards #cards 12 size 40 Howl #buckets 4 coarsen threshold 1843 Howl Bitmap #cards 512 size 80 coarsen threshold 460 Card regions per heap region 1 cards per card region 2048
 CPUs: 4 total, 4 available
 Memory: 3988M
 Large Page Support: Disabled
 NUMA Support: Disabled
 Compressed Oops: Enabled (32-bit)
 Heap Region Size: 1M
 Heap Min Capacity: 8M
 Heap Initial Capacity: 64M
 Heap Max Capacity: 998M
 Pre-touch: Disabled
 Parallel Workers: 4
 Concurrent Workers: 1
 Concurrent Refinement Workers: 4
 Periodic GC: Disabled

Heap:
 garbage-first heap   total reserved 1021952K, committed 65536K, used 22518K [0x00000000c1a00000, 0x0000000100000000)
  region size 1024K, 12 young (12288K), 4 survivors (4096K)
 Metaspace       used 15604K, committed 16000K, reserved 1114112K
  class space    used 1825K, committed 1984K, reserved 1048576K

Heap Regions: E=young(eden), S=young(survivor), O=old, HS=humongous(starts), HC=humongous(continues), CS=collection set, F=free, TAMS=top-at-mark-start, PB=parsable bottom
|   0|0x00000000c1a00000, 0x00000000c1b00000, 0x00000000c1b00000|100%|HS|  |TAMS 0x00000000c1a00000| PB 0x00000000c1a00000| Complete |  0
|   1|0x00000000c1b00000, 0x00000000c1c00000, 0x00000000c1c00000|100%| O|  |TAMS 0x00000000c1b00000| PB 0x00000000c1b00000| Untracked |  0
|   2|0x00000000c1c00000, 0x00000000c1d00000, 0x00000000c1d00000|100%| O|  |TAMS 0x00000000c1c00000| PB 0x00000000c1c00000| Untracked |  0
|   3|0x00000000c1d00000, 0x00000000c1e00000, 0x00000000c1e00000|100%| O|  |TAMS 0x00000000c1d00000| PB 0x00000000c1d00000| Untracked |  0
|   4|0x00000000c1e00000, 0x00000000c1f00000, 0x00000000c1f00000|100%| O|  |TAMS 0x00000000c1e00000| PB 0x00000000c1e00000| Untracked |  0
|   5|0x00000000c1f00000, 0x00000000c2000000, 0x00000000c2000000|100%| O|  |TAMS 0x00000000c1f00000| PB 0x00000000c1f00000| Untracked |  0
|   6|0x00000000c2000000, 0x00000000c2100000, 0x00000000c2100000|100%| O|  |TAMS 0x00000000c2000000| PB 0x00000000c2000000| Untracked |  0
|   7|0x00000000c2100000, 0x00000000c2200000, 0x00000000c2200000|100%| O|  |TAMS 0x00000000c2100000| PB 0x00000000c2100000| Untracked |  0
|   8|0x00000000c2200000, 0x00000000c2300000, 0x00000000c2300000|100%| O|  |TAMS 0x00000000c2200000| PB 0x00000000c2200000| Untracked |  0
|   9|0x00000000c2300000, 0x00000000c2400000, 0x00000000c2400000|100%| O|  |TAMS 0x00000000c2300000| PB 0x00000000c2300000| Untracked |  0
|  10|0x00000000c2400000, 0x00000000c24fd9e0, 0x00000000c2500000| 99%| O|  |TAMS 0x00000000c2400000| PB 0x00000000c2400000| Untracked |  0
|  11|0x00000000c2500000, 0x00000000c2500000, 0x00000000c2600000|  0%| F|  |TAMS 0x00000000c2500000| PB 0x00000000c2500000| Untracked |  0
|  12|0x00000000c2600000, 0x00000000c2600000, 0x00000000c2700000|  0%| F|  |TAMS 0x00000000c2600000| PB 0x00000000c2600000| Untracked |  0
|  13|0x00000000c2700000, 0x00000000c2700000, 0x00000000c2800000|  0%| F|  |TAMS 0x00000000c2700000| PB 0x00000000c2700000| Untracked |  0
|  14|0x00000000c2800000, 0x00000000c2800000, 0x00000000c2900000|  0%| F|  |TAMS 0x00000000c2800000| PB 0x00000000c2800000| Untracked |  0
|  15|0x00000000c2900000, 0x00000000c2900000, 0x00000000c2a00000|  0%| F|  |TAMS 0x00000000c2900000| PB 0x00000000c2900000| Untracked |  0
|  16|0x00000000c2a00000, 0x00000000c2a00000, 0x00000000c2b00000|  0%| F|  |TAMS 0x00000000c2a00000| PB 0x00000000c2a00000| Untracked |  0
|  17|0x00000000c2b00000, 0x00000000c2b00000, 0x00000000c2c00000|  0%| F|  |TAMS 0x00000000c2b00000| PB 0x00000000c2b00000| Untracked |  0
|  18|0x00000000c2c00000, 0x00000000c2c00000, 0x00000000c2d00000|  0%| F|  |TAMS 0x00000000c2c00000| PB 0x00000000c2c00000| Untracked |  0
|  19|0x00000000c2d00000, 0x00000000c2d00000, 0x00000000c2e00000|  0%| F|  |TAMS 0x00000000c2d00000| PB 0x00000000c2d00000| Untracked |  0
|  20|0x00000000c2e00000, 0x00000000c2e00000, 0x00000000c2f00000|  0%| F|  |TAMS 0x00000000c2e00000| PB 0x00000000c2e00000| Untracked |  0
|  21|0x00000000c2f00000, 0x00000000c2f00000, 0x00000000c3000000|  0%| F|  |TAMS 0x00000000c2f00000| PB 0x00000000c2f00000| Untracked |  0
|  22|0x00000000c3000000, 0x00000000c3000000, 0x00000000c3100000|  0%| F|  |TAMS 0x00000000c3000000| PB 0x00000000c3000000| Untracked |  0
|  23|0x00000000c3100000, 0x00000000c3100000, 0x00000000c3200000|  0%| F|  |TAMS 0x00000000c3100000| PB 0x00000000c3100000| Untracked |  0
|  24|0x00000000c3200000, 0x00000000c3200000, 0x00000000c3300000|  0%| F|  |TAMS 0x00000000c3200000| PB 0x00000000c3200000| Untracked |  0
|  25|0x00000000c3300000, 0x00000000c3300000, 0x00000000c3400000|  0%| F|  |TAMS 0x00000000c3300000| PB 0x00000000c3300000| Untracked |  0
|  26|0x00000000c3400000, 0x00000000c3400000, 0x00000000c3500000|  0%| F|  |TAMS 0x00000000c3400000| PB 0x00000000c3400000| Untracked |  0
|  27|0x00000000c3500000, 0x00000000c3500000, 0x00000000c3600000|  0%| F|  |TAMS 0x00000000c3500000| PB 0x00000000c3500000| Untracked |  0
|  28|0x00000000c3600000, 0x00000000c3600000, 0x00000000c3700000|  0%| F|  |TAMS 0x00000000c3600000| PB 0x00000000c3600000| Untracked |  0
|  29|0x00000000c3700000, 0x00000000c3700000, 0x00000000c3800000|  0%| F|  |TAMS 0x00000000c3700000| PB 0x00000000c3700000| Untracked |  0
|  30|0x00000000c3800000, 0x00000000c3800000, 0x00000000c3900000|  0%| F|  |TAMS 0x00000000c3800000| PB 0x00000000c3800000| Untracked |  0
|  31|0x00000000c3900000, 0x00000000c3900000, 0x00000000c3a00000|  0%| F|  |TAMS 0x00000000c3900000| PB 0x00000000c3900000| Untracked |  0
|  32|0x00000000c3a00000, 0x00000000c3b00000, 0x00000000c3b00000|100%| S|CS|TAMS 0x00000000c3a00000| PB 0x00000000c3a00000| Complete |  0
|  33|0x00000000c3b00000, 0x00000000c3c00000, 0x00000000c3c00000|100%| S|CS|TAMS 0x00000000c3b00000| PB 0x00000000c3b00000| Complete |  0
|  34|0x00000000c3c00000, 0x00000000c3d00000, 0x00000000c3d00000|100%| S|CS|TAMS 0x00000000c3c00000| PB 0x00000000c3c00000| Complete |  0
|  35|0x00000000c3d00000, 0x00000000c3e00000, 0x00000000c3e00000|100%| S|CS|TAMS 0x00000000c3d00000| PB 0x00000000c3d00000| Complete |  0
|  36|0x00000000c3e00000, 0x00000000c3e00000, 0x00000000c3f00000|  0%| F|  |TAMS 0x00000000c3e00000| PB 0x00000000c3e00000| Untracked |  0
|  37|0x00000000c3f00000, 0x00000000c3f00000, 0x00000000c4000000|  0%| F|  |TAMS 0x00000000c3f00000| PB 0x00000000c3f00000| Untracked |  0
|  38|0x00000000c4000000, 0x00000000c4000000, 0x00000000c4100000|  0%| F|  |TAMS 0x00000000c4000000| PB 0x00000000c4000000| Untracked |  0
|  39|0x00000000c4100000, 0x00000000c4100000, 0x00000000c4200000|  0%| F|  |TAMS 0x00000000c4100000| PB 0x00000000c4100000| Untracked |  0
|  40|0x00000000c4200000, 0x00000000c4200000, 0x00000000c4300000|  0%| F|  |TAMS 0x00000000c4200000| PB 0x00000000c4200000| Untracked |  0
|  41|0x00000000c4300000, 0x00000000c4300000, 0x00000000c4400000|  0%| F|  |TAMS 0x00000000c4300000| PB 0x00000000c4300000| Untracked |  0
|  42|0x00000000c4400000, 0x00000000c4400000, 0x00000000c4500000|  0%| F|  |TAMS 0x00000000c4400000| PB 0x00000000c4400000| Untracked |  0
|  43|0x00000000c4500000, 0x00000000c4500000, 0x00000000c4600000|  0%| F|  |TAMS 0x00000000c4500000| PB 0x00000000c4500000| Untracked |  0
|  44|0x00000000c4600000, 0x00000000c4600000, 0x00000000c4700000|  0%| F|  |TAMS 0x00000000c4600000| PB 0x00000000c4600000| Untracked |  0
|  45|0x00000000c4700000, 0x00000000c4700000, 0x00000000c4800000|  0%| F|  |TAMS 0x00000000c4700000| PB 0x00000000c4700000| Untracked |  0
|  46|0x00000000c4800000, 0x00000000c4800000, 0x00000000c4900000|  0%| F|  |TAMS 0x00000000c4800000| PB 0x00000000c4800000| Untracked |  0
|  47|0x00000000c4900000, 0x00000000c4900000, 0x00000000c4a00000|  0%| F|  |TAMS 0x00000000c4900000| PB 0x00000000c4900000| Untracked |  0
|  48|0x00000000c4a00000, 0x00000000c4a00000, 0x00000000c4b00000|  0%| F|  |TAMS 0x00000000c4a00000| PB 0x00000000c4a00000| Untracked |  0
|  49|0x00000000c4b00000, 0x00000000c4b00000, 0x00000000c4c00000|  0%| F|  |TAMS 0x00000000c4b00000| PB 0x00000000c4b00000| Untracked |  0
|  50|0x00000000c4c00000, 0x00000000c4c00000, 0x00000000c4d00000|  0%| F|  |TAMS 0x00000000c4c00000| PB 0x00000000c4c00000| Untracked |  0
|  51|0x00000000c4d00000, 0x00000000c4d00000, 0x00000000c4e00000|  0%| F|  |TAMS 0x00000000c4d00000| PB 0x00000000c4d00000| Untracked |  0
|  52|0x00000000c4e00000, 0x00000000c4e00000, 0x00000000c4f00000|  0%| F|  |TAMS 0x00000000c4e00000| PB 0x00000000c4e00000| Untracked |  0
|  53|0x00000000c4f00000, 0x00000000c4f00000, 0x00000000c5000000|  0%| F|  |TAMS 0x00000000c4f00000| PB 0x00000000c4f00000| Untracked |  0
|  54|0x00000000c5000000, 0x00000000c5000000, 0x00000000c5100000|  0%| F|  |TAMS 0x00000000c5000000| PB 0x00000000c5000000| Untracked |  0
|  55|0x00000000c5100000, 0x00000000c5100000, 0x00000000c5200000|  0%| F|  |TAMS 0x00000000c5100000| PB 0x00000000c5100000| Untracked |  0
|  56|0x00000000c5200000, 0x00000000c5300000, 0x00000000c5300000|100%| E|  |TAMS 0x00000000c5200000| PB 0x00000000c5200000| Complete |  0
|  57|0x00000000c5300000, 0x00000000c5400000, 0x00000000c5400000|100%| E|CS|TAMS 0x00000000c5300000| PB 0x00000000c5300000| Complete |  0
|  58|0x00000000c5400000, 0x00000000c5500000, 0x00000000c5500000|100%| E|CS|TAMS 0x00000000c5400000| PB 0x00000000c5400000| Complete |  0
|  59|0x00000000c5500000, 0x00000000c5600000, 0x00000000c5600000|100%| E|CS|TAMS 0x00000000c5500000| PB 0x00000000c5500000| Complete |  0
|  60|0x00000000c5600000, 0x00000000c5700000, 0x00000000c5700000|100%| E|CS|TAMS 0x00000000c5600000| PB 0x00000000c5600000| Complete |  0
|  61|0x00000000c5700000, 0x00000000c5800000, 0x00000000c5800000|100%| E|CS|TAMS 0x00000000c5700000| PB 0x00000000c5700000| Complete |  0
|  62|0x00000000c5800000, 0x00000000c5900000, 0x00000000c5900000|100%| E|CS|TAMS 0x00000000c5800000| PB 0x00000000c5800000| Complete |  0
|  63|0x00000000c5900000, 0x00000000c5a00000, 0x00000000c5a00000|100%| E|CS|TAMS 0x00000000c5900000| PB 0x00000000c5900000| Complete |  0

Card table byte_map: [0x000001d97a790000,0x000001d97a990000] _byte_map_base: 0x000001d97a183000

Marking Bits: (CMBitMap*) 0x000001d9722859f0
 Bits: [0x000001d97a990000, 0x000001d97b928000)

Polling page: 0x000001d970240000

Metaspace:

Usage:
  Non-class:     13.46 MB used.
      Class:      1.78 MB used.
       Both:     15.24 MB used.

Virtual space:
  Non-class space:       64.00 MB reserved,      13.69 MB ( 21%) committed,  1 nodes.
      Class space:        1.00 GB reserved,       1.94 MB ( <1%) committed,  1 nodes.
             Both:        1.06 GB reserved,      15.62 MB (  1%) committed. 

Chunk freelists:
   Non-Class:  1.89 MB
       Class:  13.95 MB
        Both:  15.84 MB

MaxMetaspaceSize: unlimited
CompressedClassSpaceSize: 1.00 GB
Initial GC threshold: 21.00 MB
Current GC threshold: 21.00 MB
CDS: on
 - commit_granule_bytes: 65536.
 - commit_granule_words: 8192.
 - virtual_space_node_default_size: 8388608.
 - enlarge_chunks_in_place: 1.
 - use_allocation_guard: 0.


Internal statistics:

num_allocs_failed_limit: 0.
num_arena_births: 446.
num_arena_deaths: 0.
num_vsnodes_births: 2.
num_vsnodes_deaths: 0.
num_space_committed: 250.
num_space_uncommitted: 0.
num_chunks_returned_to_freelist: 0.
num_chunks_taken_from_freelist: 855.
num_chunk_merges: 0.
num_chunk_splits: 490.
num_chunks_enlarged: 241.
num_inconsistent_stats: 0.

CodeHeap 'non-profiled nmethods': size=120000Kb used=950Kb max_used=950Kb free=119049Kb
 bounds [0x000001d907ad0000, 0x000001d907d40000, 0x000001d90f000000]
CodeHeap 'profiled nmethods': size=120000Kb used=4702Kb max_used=4702Kb free=115297Kb
 bounds [0x000001d900000000, 0x000001d9004a0000, 0x000001d907530000]
CodeHeap 'non-nmethods': size=5760Kb used=1504Kb max_used=1521Kb free=4255Kb
 bounds [0x000001d907530000, 0x000001d9077a0000, 0x000001d907ad0000]
 total_blobs=3012 nmethods=2436 adapters=480
 compilation: enabled
              stopped_count=0, restarted_count=0
 full_count=0

Compilation events (20 events):
Event: 2.867 Thread 0x000001d95019c160 nmethod 2387 0x000001d90046ed10 code [0x000001d90046ef00, 0x000001d90046f540]
Event: 2.867 Thread 0x000001d95019c160 2388       3       java.lang.Character::isHighSurrogate (18 bytes)
Event: 2.867 Thread 0x000001d95019c160 nmethod 2388 0x000001d90046f710 code [0x000001d90046f8a0, 0x000001d90046fa18]
Event: 2.874 Thread 0x000001d95019c160 2389       3       java.util.WeakHashMap::remove (131 bytes)
Event: 2.875 Thread 0x000001d95019c160 nmethod 2389 0x000001d90046fa90 code [0x000001d90046fce0, 0x000001d9004707d0]
Event: 2.876 Thread 0x000001d95019c160 2391       3       java.lang.invoke.MemberName::asConstructor (58 bytes)
Event: 2.876 Thread 0x000001d95019c160 nmethod 2391 0x000001d900470c10 code [0x000001d900470e20, 0x000001d900471408]
Event: 2.932 Thread 0x000001d95019c160 2394   !   3       java.lang.invoke.MethodHandles$Lookup$ClassDefiner::defineClass (213 bytes)
Event: 2.933 Thread 0x000001d95019c160 nmethod 2394 0x000001d900471610 code [0x000001d900471880, 0x000001d900472200]
Event: 2.933 Thread 0x000001d95019c160 2396       3       java.lang.invoke.MemberName$Factory::resolveOrNull (54 bytes)
Event: 2.934 Thread 0x000001d95019c160 nmethod 2396 0x000001d900472690 code [0x000001d900472860, 0x000001d900472af8]
Event: 2.935 Thread 0x000001d95019c160 2397       1       java.util.concurrent.CopyOnWriteArrayList::setArray (6 bytes)
Event: 2.935 Thread 0x000001d95019c160 nmethod 2397 0x000001d907bbb710 code [0x000001d907bbb8a0, 0x000001d907bbb9b8]
Event: 2.935 Thread 0x000001d95019c160 2398       3       java.lang.invoke.DirectMethodHandle$Holder::invokeStatic (15 bytes)
Event: 2.935 Thread 0x000001d95019c160 nmethod 2398 0x000001d900472c10 code [0x000001d900472de0, 0x000001d900473320]
Event: 2.935 Thread 0x000001d95019c160 2399   !   3       java.lang.invoke.AbstractValidatingLambdaMetafactory::<init> (559 bytes)
Event: 2.942 Thread 0x000001d95019c160 nmethod 2399 0x000001d900473490 code [0x000001d900473d00, 0x000001d900478df0]
Event: 2.943 Thread 0x000001d95019c160 2403       3       java.lang.invoke.AbstractValidatingLambdaMetafactory::validateMetafactoryArgs (607 bytes)
Event: 2.951 Thread 0x000001d95019c160 nmethod 2403 0x000001d90047aa10 code [0x000001d90047b480, 0x000001d900482ad0]
Event: 2.952 Thread 0x000001d95019c160 2400   !   3       java.lang.invoke.MethodHandles$Lookup::revealDirect (196 bytes)

GC Heap History (6 events):
Event: 1.052 GC heap before
{Heap before GC invocations=0 (full 0):
 garbage-first heap   total reserved 1021952K, committed 65536K, used 15360K [0x00000000c1a00000, 0x0000000100000000)
  region size 1024K, 14 young (14336K), 0 survivors (0K)
 Metaspace       used 4770K, committed 5056K, reserved 1114112K
  class space    used 506K, committed 640K, reserved 1048576K
}
Event: 1.064 GC heap after
{Heap after GC invocations=1 (full 0):
 garbage-first heap   total reserved 1021952K, committed 65536K, used 7552K [0x00000000c1a00000, 0x0000000100000000)
  region size 1024K, 2 young (2048K), 2 survivors (2048K)
 Metaspace       used 4770K, committed 5056K, reserved 1114112K
  class space    used 506K, committed 640K, reserved 1048576K
}
Event: 1.687 GC heap before
{Heap before GC invocations=1 (full 0):
 garbage-first heap   total reserved 1021952K, committed 65536K, used 19840K [0x00000000c1a00000, 0x0000000100000000)
  region size 1024K, 14 young (14336K), 2 survivors (2048K)
 Metaspace       used 8064K, committed 8448K, reserved 1114112K
  class space    used 919K, committed 1088K, reserved 1048576K
}
Event: 1.694 GC heap after
{Heap after GC invocations=2 (full 0):
 garbage-first heap   total reserved 1021952K, committed 65536K, used 8584K [0x00000000c1a00000, 0x0000000100000000)
  region size 1024K, 1 young (1024K), 1 survivors (1024K)
 Metaspace       used 8064K, committed 8448K, reserved 1114112K
  class space    used 919K, committed 1088K, reserved 1048576K
}
Event: 2.399 GC heap before
{Heap before GC invocations=2 (full 0):
 garbage-first heap   total reserved 1021952K, committed 65536K, used 35208K [0x00000000c1a00000, 0x0000000100000000)
  region size 1024K, 28 young (28672K), 1 survivors (1024K)
 Metaspace       used 11509K, committed 11904K, reserved 1114112K
  class space    used 1268K, committed 1408K, reserved 1048576K
}
Event: 2.420 GC heap after
{Heap after GC invocations=3 (full 0):
 garbage-first heap   total reserved 1021952K, committed 65536K, used 15350K [0x00000000c1a00000, 0x0000000100000000)
  region size 1024K, 4 young (4096K), 4 survivors (4096K)
 Metaspace       used 11509K, committed 11904K, reserved 1114112K
  class space    used 1268K, committed 1408K, reserved 1048576K
}

Dll operation events (12 events):
Event: 0.026 Loaded shared library C:\Program Files\Java\jdk-22\bin\java.dll
Event: 0.092 Loaded shared library C:\Program Files\Java\jdk-22\bin\jsvml.dll
Event: 0.278 Loaded shared library C:\Program Files\Java\jdk-22\bin\zip.dll
Event: 0.285 Loaded shared library C:\Program Files\Java\jdk-22\bin\instrument.dll
Event: 0.292 Loaded shared library C:\Program Files\Java\jdk-22\bin\net.dll
Event: 0.295 Loaded shared library C:\Program Files\Java\jdk-22\bin\nio.dll
Event: 0.301 Loaded shared library C:\Program Files\Java\jdk-22\bin\zip.dll
Event: 0.330 Loaded shared library C:\Program Files\JetBrains\IntelliJ IDEA Community Edition 2023.3.6\bin\breakgen64.dll
Event: 0.353 Loaded shared library C:\Program Files\Java\jdk-22\bin\extnet.dll
Event: 0.425 Loaded shared library C:\Program Files\Java\jdk-22\bin\verify.dll
Event: 0.436 Loaded shared library C:\Program Files\Java\jdk-22\bin\jimage.dll
Event: 2.760 Loaded shared library C:\Program Files\Java\jdk-22\bin\sunmscapi.dll

Deoptimization events (20 events):
Event: 2.667 Thread 0x000001d97224a360 Uncommon trap: trap_request=0xffffff45 fr.pc=0x000001d907b4f38c relative=0x00000000000022ec
Event: 2.667 Thread 0x000001d97224a360 Uncommon trap: reason=unstable_if action=reinterpret pc=0x000001d907b4f38c method=jdk.internal.org.objectweb.asm.Frame.execute(IILjdk/internal/org/objectweb/asm/Symbol;Ljdk/internal/org/objectweb/asm/SymbolTable;)V @ 1 c2
Event: 2.667 Thread 0x000001d97224a360 DEOPT PACKING pc=0x000001d907b4f38c sp=0x000000cfdf7fbf70
Event: 2.667 Thread 0x000001d97224a360 DEOPT UNPACKING pc=0x000001d9075846a2 sp=0x000000cfdf7fbed8 mode 2
Event: 2.684 Thread 0x000001d97224a360 Uncommon trap: trap_request=0xffffff45 fr.pc=0x000001d907b269ac relative=0x000000000000010c
Event: 2.684 Thread 0x000001d97224a360 Uncommon trap: reason=unstable_if action=reinterpret pc=0x000001d907b269ac method=jdk.internal.org.objectweb.asm.ByteVector.putShort(I)Ljdk/internal/org/objectweb/asm/ByteVector; @ 13 c2
Event: 2.684 Thread 0x000001d97224a360 DEOPT PACKING pc=0x000001d907b269ac sp=0x000000cfdf7fbb10
Event: 2.684 Thread 0x000001d97224a360 DEOPT UNPACKING pc=0x000001d9075846a2 sp=0x000000cfdf7fbaa8 mode 2
Event: 2.942 Thread 0x000001d95544ee30 Uncommon trap: trap_request=0xffffffde fr.pc=0x000001d907ba8928 relative=0x0000000000000168
Event: 2.942 Thread 0x000001d95544ee30 Uncommon trap: reason=class_check action=maybe_recompile pc=0x000001d907ba8928 method=java.util.concurrent.locks.AbstractQueuedSynchronizer.release(I)Z @ 2 c2
Event: 2.942 Thread 0x000001d95544ee30 DEOPT PACKING pc=0x000001d907ba8928 sp=0x000000cfe13ff640
Event: 2.942 Thread 0x000001d95544ee30 DEOPT UNPACKING pc=0x000001d9075846a2 sp=0x000000cfe13ff5f8 mode 2
Event: 2.945 Thread 0x000001d955451590 Uncommon trap: trap_request=0xffffffde fr.pc=0x000001d907ba8928 relative=0x0000000000000168
Event: 2.945 Thread 0x000001d955451590 Uncommon trap: reason=class_check action=maybe_recompile pc=0x000001d907ba8928 method=java.util.concurrent.locks.AbstractQueuedSynchronizer.release(I)Z @ 2 c2
Event: 2.945 Thread 0x000001d955451590 DEOPT PACKING pc=0x000001d907ba8928 sp=0x000000cfe14ff170
Event: 2.945 Thread 0x000001d955451590 DEOPT UNPACKING pc=0x000001d9075846a2 sp=0x000000cfe14ff128 mode 2
Event: 2.951 Thread 0x000001d95544f4c0 Uncommon trap: trap_request=0xffffffde fr.pc=0x000001d907ba8928 relative=0x0000000000000168
Event: 2.951 Thread 0x000001d95544f4c0 Uncommon trap: reason=class_check action=maybe_recompile pc=0x000001d907ba8928 method=java.util.concurrent.locks.AbstractQueuedSynchronizer.release(I)Z @ 2 c2
Event: 2.951 Thread 0x000001d95544f4c0 DEOPT PACKING pc=0x000001d907ba8928 sp=0x000000cfe15ff030
Event: 2.951 Thread 0x000001d95544f4c0 DEOPT UNPACKING pc=0x000001d9075846a2 sp=0x000000cfe15fefe8 mode 2

Classes loaded (20 events):
Event: 2.934 Loading class java/lang/Process$PipeInputStream done
Event: 2.934 Loading class java/lang/ProcessBuilder$NullInputStream
Event: 2.934 Loading class java/lang/ProcessBuilder$NullInputStream done
Event: 2.934 Loading class jdk/internal/event/ProcessStartEvent
Event: 2.934 Loading class jdk/internal/event/ProcessStartEvent done
Event: 2.939 Loading class java/util/concurrent/CompletableFuture$AsyncSupply
Event: 2.939 Loading class java/util/concurrent/CompletableFuture$AsyncSupply done
Event: 2.939 Loading class java/util/concurrent/ThreadPoolExecutor$Worker
Event: 2.939 Loading class java/util/concurrent/ThreadPoolExecutor$Worker done
Event: 2.940 Loading class java/util/concurrent/CompletableFuture$AnyOf
Event: 2.940 Loading class java/util/concurrent/CompletableFuture$AnyOf done
Event: 2.940 Loading class java/util/concurrent/CompletableFuture$Signaller
Event: 2.941 Loading class java/util/concurrent/CompletableFuture$Signaller done
Event: 2.945 Loading class java/util/concurrent/FutureTask
Event: 2.946 Loading class java/util/concurrent/RunnableFuture
Event: 2.946 Loading class java/util/concurrent/RunnableFuture done
Event: 2.946 Loading class java/util/concurrent/FutureTask done
Event: 2.946 Loading class java/util/concurrent/FutureTask$WaitNode
Event: 2.946 Loading class java/util/concurrent/FutureTask$WaitNode done
Event: 2.952 Loading class sun/net/www/protocol/http/HttpURLConnection

Classes unloaded (0 events):
No events

Classes redefined (0 events):
No events

Internal exceptions (20 events):
Event: 2.671 Thread 0x000001d97224a360 Exception <a 'java/lang/NoSuchMethodError'{0x00000000c5512918}: 'int java.lang.invoke.DirectMethodHandle$Holder.invokeVirtual(java.lang.Object, java.lang.Object, java.lang.Object)'> (0x00000000c5512918) 
thrown [s\open\src\hotspot\share\interpreter\linkResolver.cpp, line 774]
Event: 2.672 Thread 0x000001d97224a360 Exception <a 'java/lang/NoSuchMethodError'{0x00000000c5516ee8}: 'int java.lang.invoke.DirectMethodHandle$Holder.invokeStaticInit(java.lang.Object, int, int)'> (0x00000000c5516ee8) 
thrown [s\open\src\hotspot\share\interpreter\linkResolver.cpp, line 774]
Event: 2.673 Thread 0x000001d97224a360 Exception <a 'java/lang/NoSuchMethodError'{0x00000000c551e670}: 'int java.lang.invoke.DirectMethodHandle$Holder.invokeStaticInit(java.lang.Object, long, long)'> (0x00000000c551e670) 
thrown [s\open\src\hotspot\share\interpreter\linkResolver.cpp, line 774]
Event: 2.674 Thread 0x000001d97224a360 Exception <a 'java/lang/NoSuchMethodError'{0x00000000c5525398}: 'int java.lang.invoke.DirectMethodHandle$Holder.invokeStaticInit(java.lang.Object, float, float)'> (0x00000000c5525398) 
thrown [s\open\src\hotspot\share\interpreter\linkResolver.cpp, line 774]
Event: 2.675 Thread 0x000001d97224a360 Exception <a 'java/lang/NoSuchMethodError'{0x00000000c552c0b8}: 'int java.lang.invoke.DirectMethodHandle$Holder.invokeStaticInit(java.lang.Object, double, double)'> (0x00000000c552c0b8) 
thrown [s\open\src\hotspot\share\interpreter\linkResolver.cpp, line 774]
Event: 2.676 Thread 0x000001d97224a360 Exception <a 'java/lang/NoSuchMethodError'{0x00000000c55308f8}: 'int java.lang.invoke.DirectMethodHandle$Holder.invokeStatic(java.lang.Object, long)'> (0x00000000c55308f8) 
thrown [s\open\src\hotspot\share\interpreter\linkResolver.cpp, line 774]
Event: 2.681 Thread 0x000001d97224a360 Exception <a 'java/lang/NoSuchMethodError'{0x00000000c55524c0}: 'java.lang.Object java.lang.invoke.DirectMethodHandle$Holder.invokeSpecial(java.lang.Object, java.lang.Object, int, java.lang.Object, java.lang.Object)'> (0x00000000c55524c0) 
thrown [s\open\src\hotspot\share\interpreter\linkResolver.cpp, line 774]
Event: 2.682 Thread 0x000001d97224a360 Exception <a 'java/lang/NoSuchMethodError'{0x00000000c5555f00}: 'java.lang.Object java.lang.invoke.DelegatingMethodHandle$Holder.delegate(java.lang.Object, int, java.lang.Object, java.lang.Object)'> (0x00000000c5555f00) 
thrown [s\open\src\hotspot\share\interpreter\linkResolver.cpp, line 774]
Event: 2.684 Thread 0x000001d97224a360 Exception <a 'java/lang/NoSuchMethodError'{0x00000000c5565370}: 'int java.lang.invoke.Invokers$Holder.linkToTargetMethod(java.lang.Object, java.lang.Object, java.lang.Object)'> (0x00000000c5565370) 
thrown [s\open\src\hotspot\share\interpreter\linkResolver.cpp, line 774]
Event: 2.689 Thread 0x000001d97224a360 Exception <a 'java/lang/NoSuchMethodError'{0x00000000c5574470}: 'long java.lang.invoke.DirectMethodHandle$Holder.invokeSpecial(java.lang.Object, java.lang.Object)'> (0x00000000c5574470) 
thrown [s\open\src\hotspot\share\interpreter\linkResolver.cpp, line 774]
Event: 2.852 Thread 0x000001d97224a360 Exception <a 'java/lang/NoSuchMethodError'{0x00000000c54b9c68}: 'java.lang.Object java.lang.invoke.DirectMethodHandle$Holder.invokeInterface(java.lang.Object, java.lang.Object, java.lang.Object, java.lang.Object)'> (0x00000000c54b9c68) 
thrown [s\open\src\hotspot\share\interpreter\linkResolver.cpp, line 774]
Event: 2.856 Thread 0x000001d97224a360 Exception <a 'java/lang/NoSuchMethodError'{0x00000000c54c5080}: 'void java.lang.invoke.DirectMethodHandle$Holder.invokeInterface(java.lang.Object, java.lang.Object, java.lang.Object)'> (0x00000000c54c5080) 
thrown [s\open\src\hotspot\share\interpreter\linkResolver.cpp, line 774]
Event: 2.861 Thread 0x000001d97224a360 Exception <a 'java/lang/NoSuchMethodError'{0x00000000c54d6950}: 'java.lang.Object java.lang.invoke.DirectMethodHandle$Holder.invokeInterface(java.lang.Object, java.lang.Object, java.lang.Object)'> (0x00000000c54d6950) 
thrown [s\open\src\hotspot\share\interpreter\linkResolver.cpp, line 774]
Event: 2.861 Thread 0x000001d97224a360 Exception <a 'java/lang/IncompatibleClassChangeError'{0x00000000c54d9d48}: Found class java.lang.Object, but interface was expected> (0x00000000c54d9d48) 
thrown [s\open\src\hotspot\share\interpreter\linkResolver.cpp, line 841]
Event: 2.863 Thread 0x000001d97224a360 Exception <a 'java/lang/NoSuchMethodError'{0x00000000c54e1560}: 'int java.lang.invoke.DirectMethodHandle$Holder.invokeSpecialIFC(java.lang.Object, java.lang.Object, java.lang.Object, java.lang.Object)'> (0x00000000c54e1560) 
thrown [s\open\src\hotspot\share\interpreter\linkResolver.cpp, line 774]
Event: 2.875 Thread 0x000001d97224a360 Exception <a 'java/lang/NoSuchMethodError'{0x00000000c5319548}: 'java.lang.Object java.lang.invoke.DirectMethodHandle$Holder.invokeVirtual(java.lang.Object, java.lang.Object, java.lang.Object, java.lang.Object)'> (0x00000000c5319548) 
thrown [s\open\src\hotspot\share\interpreter\linkResolver.cpp, line 774]
Event: 2.928 Thread 0x000001d97224a360 Exception <a 'java/lang/NoSuchMethodError'{0x00000000c5320388}: 'void java.lang.invoke.DirectMethodHandle$Holder.invokeStatic(java.lang.Object, long)'> (0x00000000c5320388) 
thrown [s\open\src\hotspot\share\interpreter\linkResolver.cpp, line 774]
Event: 2.928 Thread 0x000001d97224a360 Exception <a 'java/lang/NoSuchMethodError'{0x00000000c53251f0}: 'java.lang.Object java.lang.invoke.DirectMethodHandle$Holder.newInvokeSpecial(java.lang.Object, long)'> (0x00000000c53251f0) 
thrown [s\open\src\hotspot\share\interpreter\linkResolver.cpp, line 774]
Event: 2.932 Thread 0x000001d97224a360 Exception <a 'java/lang/NoSuchMethodError'{0x00000000c532b608}: 'java.lang.Object java.lang.invoke.DirectMethodHandle$Holder.invokeStatic(java.lang.Object, long, java.lang.Object)'> (0x00000000c532b608) 
thrown [s\open\src\hotspot\share\interpreter\linkResolver.cpp, line 774]
Event: 2.933 Thread 0x000001d97224a360 Exception <a 'java/lang/NoSuchMethodError'{0x00000000c532ec90}: 'java.lang.Object java.lang.invoke.DirectMethodHandle$Holder.invokeStaticInit(java.lang.Object, long, java.lang.Object)'> (0x00000000c532ec90) 
thrown [s\open\src\hotspot\share\interpreter\linkResolver.cpp, line 774]

ZGC Phase Switch (0 events):
No events

VM Operations (20 events):
Event: 1.674 Executing VM operation: HandshakeAllThreads (Deoptimize)
Event: 1.674 Executing VM operation: HandshakeAllThreads (Deoptimize) done
Event: 1.679 Executing VM operation: ICBufferFull
Event: 1.680 Executing VM operation: ICBufferFull done
Event: 1.686 Executing VM operation: G1CollectForAllocation (G1 Evacuation Pause)
Event: 1.694 Executing VM operation: G1CollectForAllocation (G1 Evacuation Pause) done
Event: 1.716 Executing VM operation: HandshakeAllThreads (Deoptimize)
Event: 1.716 Executing VM operation: HandshakeAllThreads (Deoptimize) done
Event: 1.743 Executing VM operation: HandshakeAllThreads (Deoptimize)
Event: 1.743 Executing VM operation: HandshakeAllThreads (Deoptimize) done
Event: 2.130 Executing VM operation: HandshakeAllThreads (Deoptimize)
Event: 2.130 Executing VM operation: HandshakeAllThreads (Deoptimize) done
Event: 2.131 Executing VM operation: HandshakeAllThreads (Deoptimize)
Event: 2.131 Executing VM operation: HandshakeAllThreads (Deoptimize) done
Event: 2.217 Executing VM operation: HandshakeAllThreads (Deoptimize)
Event: 2.218 Executing VM operation: HandshakeAllThreads (Deoptimize) done
Event: 2.399 Executing VM operation: G1CollectForAllocation (G1 Evacuation Pause)
Event: 2.420 Executing VM operation: G1CollectForAllocation (G1 Evacuation Pause) done
Event: 2.665 Executing VM operation: HandshakeAllThreads (Deoptimize)
Event: 2.665 Executing VM operation: HandshakeAllThreads (Deoptimize) done

Events (20 events):
Event: 0.089 Thread 0x000001d950137e10 Thread added: 0x000001d950137e10
Event: 0.089 Thread 0x000001d95013bba0 Thread added: 0x000001d95013bba0
Event: 0.089 Thread 0x000001d95013d370 Thread added: 0x000001d95013d370
Event: 0.089 Thread 0x000001d95013e570 Thread added: 0x000001d95013e570
Event: 0.089 Thread 0x000001d95013efd0 Thread added: 0x000001d95013efd0
Event: 0.090 Thread 0x000001d95013fd90 Thread added: 0x000001d95013fd90
Event: 0.090 Thread 0x000001d950140b20 Thread added: 0x000001d950140b20
Event: 0.094 Thread 0x000001d95019c160 Thread added: 0x000001d95019c160
Event: 0.240 Thread 0x000001d950364960 Thread added: 0x000001d950364960
Event: 0.331 Thread 0x000001d950491210 Thread added: 0x000001d950491210
Event: 0.331 Thread 0x000001d950493bd0 Thread added: 0x000001d950493bd0
Event: 0.626 Thread 0x000001d95069f2a0 Thread added: 0x000001d95069f2a0
Event: 1.453 Thread 0x000001d9553bf390 Thread added: 0x000001d9553bf390
Event: 1.453 Thread 0x000001d9553c0300 Thread added: 0x000001d9553c0300
Event: 1.454 Thread 0x000001d9553c8980 Thread added: 0x000001d9553c8980
Event: 2.826 Thread 0x000001d955450f00 Thread added: 0x000001d955450f00
Event: 2.937 Thread 0x000001d95544e7a0 Thread added: 0x000001d95544e7a0
Event: 2.939 Thread 0x000001d95544ee30 Thread added: 0x000001d95544ee30
Event: 2.940 Thread 0x000001d955451590 Thread added: 0x000001d955451590
Event: 2.947 Thread 0x000001d95544f4c0 Thread added: 0x000001d95544f4c0


Dynamic libraries:
0x00007ff720900000 - 0x00007ff720910000 	C:\Program Files\Java\jdk-22\bin\java.exe
0x00007ffcbcab0000 - 0x00007ffcbcca8000 	C:\Windows\SYSTEM32\ntdll.dll
0x00007ffcbc810000 - 0x00007ffcbc8cd000 	C:\Windows\System32\KERNEL32.DLL
0x00007ffcba480000 - 0x00007ffcba776000 	C:\Windows\System32\KERNELBASE.dll
0x00007ffcba330000 - 0x00007ffcba430000 	C:\Windows\System32\ucrtbase.dll
0x00007ffcb4e40000 - 0x00007ffcb4e57000 	C:\Program Files\Java\jdk-22\bin\jli.dll
0x00007ffcb4700000 - 0x00007ffcb471b000 	C:\Program Files\Java\jdk-22\bin\VCRUNTIME140.dll
0x00007ffcbbd50000 - 0x00007ffcbbe00000 	C:\Windows\System32\ADVAPI32.dll
0x00007ffcbc2a0000 - 0x00007ffcbc33e000 	C:\Windows\System32\msvcrt.dll
0x00007ffcbc5a0000 - 0x00007ffcbc640000 	C:\Windows\System32\sechost.dll
0x00007ffcbc340000 - 0x00007ffcbc463000 	C:\Windows\System32\RPCRT4.dll
0x00007ffcba950000 - 0x00007ffcba977000 	C:\Windows\System32\bcrypt.dll
0x00007ffcbc8d0000 - 0x00007ffcbca6f000 	C:\Windows\System32\USER32.dll
0x00007ffcba260000 - 0x00007ffcba282000 	C:\Windows\System32\win32u.dll
0x00007ffcbb200000 - 0x00007ffcbb22b000 	C:\Windows\System32\GDI32.dll
0x00007ffcba780000 - 0x00007ffcba897000 	C:\Windows\System32\gdi32full.dll
0x00007ffcba290000 - 0x00007ffcba32d000 	C:\Windows\System32\msvcp_win.dll
0x00007ffcac830000 - 0x00007ffcacaca000 	C:\Windows\WinSxS\amd64_microsoft.windows.common-controls_6595b64144ccf1df_6.0.19041.4355_none_60b8b9eb71f62e16\COMCTL32.dll
0x00007ffcab010000 - 0x00007ffcab01a000 	C:\Windows\SYSTEM32\VERSION.dll
0x00007ffcbbe90000 - 0x00007ffcbbec2000 	C:\Windows\System32\IMM32.DLL
0x00007ffcb58d0000 - 0x00007ffcb58dc000 	C:\Program Files\Java\jdk-22\bin\vcruntime140_1.dll
0x00007ffc9e1e0000 - 0x00007ffc9e26e000 	C:\Program Files\Java\jdk-22\bin\msvcp140.dll
0x00007ffc891f0000 - 0x00007ffc89f37000 	C:\Program Files\Java\jdk-22\bin\server\jvm.dll
0x00007ffcbc230000 - 0x00007ffcbc29b000 	C:\Windows\System32\WS2_32.dll
0x00007ffcb9fb0000 - 0x00007ffcb9ffb000 	C:\Windows\SYSTEM32\POWRPROF.dll
0x00007ffcb4790000 - 0x00007ffcb47b7000 	C:\Windows\SYSTEM32\WINMM.dll
0x00007ffcb9f90000 - 0x00007ffcb9fa2000 	C:\Windows\SYSTEM32\UMPDC.dll
0x00007ffcb7fe0000 - 0x00007ffcb7ff2000 	C:\Windows\SYSTEM32\kernel.appcore.dll
0x00007ffcb5870000 - 0x00007ffcb587a000 	C:\Program Files\Java\jdk-22\bin\jimage.dll
0x00007ffca6f30000 - 0x00007ffca7114000 	C:\Windows\SYSTEM32\DBGHELP.DLL
0x00007ffca6ef0000 - 0x00007ffca6f24000 	C:\Windows\SYSTEM32\dbgcore.DLL
0x00007ffcba1d0000 - 0x00007ffcba252000 	C:\Windows\System32\bcryptPrimitives.dll
0x00007ffcb7960000 - 0x00007ffcb796f000 	C:\Program Files\Java\jdk-22\bin\instrument.dll
0x00007ffcb44e0000 - 0x00007ffcb44fe000 	C:\Program Files\Java\jdk-22\bin\java.dll
0x00007ffcbb250000 - 0x00007ffcbb9bb000 	C:\Windows\System32\SHELL32.dll
0x00007ffcbaae0000 - 0x00007ffcbac0b000 	C:\Windows\System32\ole32.dll
0x00007ffcbbed0000 - 0x00007ffcbc223000 	C:\Windows\System32\combase.dll
0x00007ffcb81e0000 - 0x00007ffcb897d000 	C:\Windows\SYSTEM32\windows.storage.dll
0x00007ffcb9ab0000 - 0x00007ffcb9ade000 	C:\Windows\SYSTEM32\Wldp.dll
0x00007ffcbc4d0000 - 0x00007ffcbc59d000 	C:\Windows\System32\OLEAUT32.dll
0x00007ffcbb9d0000 - 0x00007ffcbba7d000 	C:\Windows\System32\SHCORE.dll
0x00007ffcbad30000 - 0x00007ffcbad85000 	C:\Windows\System32\shlwapi.dll
0x00007ffcba090000 - 0x00007ffcba0b4000 	C:\Windows\SYSTEM32\profapi.dll
0x00007ffc90ac0000 - 0x00007ffc90b97000 	C:\Program Files\Java\jdk-22\bin\jsvml.dll
0x00007ffcb4380000 - 0x00007ffcb4397000 	C:\Program Files\Java\jdk-22\bin\zip.dll
0x00007ffcb4d10000 - 0x00007ffcb4d20000 	C:\Program Files\Java\jdk-22\bin\net.dll
0x00007ffcb9810000 - 0x00007ffcb987a000 	C:\Windows\system32\mswsock.dll
0x00007ffcb43a0000 - 0x00007ffcb43b6000 	C:\Program Files\Java\jdk-22\bin\nio.dll
0x00007ffcb5c20000 - 0x00007ffcb5c3a000 	C:\Program Files\JetBrains\IntelliJ IDEA Community Edition 2023.3.6\bin\breakgen64.dll
0x00007ffcb4b60000 - 0x00007ffcb4b69000 	C:\Program Files\Java\jdk-22\bin\extnet.dll
0x00007ffcb4370000 - 0x00007ffcb4380000 	C:\Program Files\Java\jdk-22\bin\verify.dll
0x00007ffcb9a10000 - 0x00007ffcb9a28000 	C:\Windows\SYSTEM32\CRYPTSP.dll
0x00007ffcb9130000 - 0x00007ffcb9164000 	C:\Windows\system32\rsaenh.dll
0x00007ffcba000000 - 0x00007ffcba02e000 	C:\Windows\SYSTEM32\USERENV.dll
0x00007ffcb9a00000 - 0x00007ffcb9a0c000 	C:\Windows\SYSTEM32\CRYPTBASE.dll
0x00007ffcb94f0000 - 0x00007ffcb952b000 	C:\Windows\SYSTEM32\IPHLPAPI.DLL
0x00007ffcbb9c0000 - 0x00007ffcbb9c8000 	C:\Windows\System32\NSI.dll
0x00007ffcb9530000 - 0x00007ffcb95fb000 	C:\Windows\SYSTEM32\DNSAPI.dll
0x00007ffcb4ed0000 - 0x00007ffcb4eda000 	C:\Windows\System32\rasadhlp.dll
0x00007ffcaba30000 - 0x00007ffcabab0000 	C:\Windows\System32\fwpuclnt.dll
0x00007ffcb5be0000 - 0x00007ffcb5bee000 	C:\Program Files\Java\jdk-22\bin\sunmscapi.dll
0x00007ffcba980000 - 0x00007ffcbaade000 	C:\Windows\System32\CRYPT32.dll
0x00007ffcb9b20000 - 0x00007ffcb9b49000 	C:\Windows\SYSTEM32\ncrypt.dll
0x00007ffcb9ae0000 - 0x00007ffcb9b1b000 	C:\Windows\SYSTEM32\NTASN1.dll
0x00007ffcb6030000 - 0x00007ffcb6037000 	C:\Windows\system32\wshunix.dll
0x00007ffcb75d0000 - 0x00007ffcb75e7000 	C:\Windows\system32\napinsp.dll
0x00007ffcb61b0000 - 0x00007ffcb61cb000 	C:\Windows\system32\pnrpnsp.dll
0x00007ffcb6740000 - 0x00007ffcb6755000 	C:\Windows\system32\wshbth.dll
0x00007ffcb7470000 - 0x00007ffcb748d000 	C:\Windows\system32\NLAapi.dll
0x00007ffcb7770000 - 0x00007ffcb7782000 	C:\Windows\System32\winrnr.dll

dbghelp: loaded successfully - version: 4.0.5 - missing functions: none
symbol engine: initialized successfully - sym options: 0x614 - pdb path: .;C:\Program Files\Java\jdk-22\bin;C:\Windows\SYSTEM32;C:\Windows\WinSxS\amd64_microsoft.windows.common-controls_6595b64144ccf1df_6.0.19041.4355_none_60b8b9eb71f62e16;C:\Program Files\Java\jdk-22\bin\server;C:\Program Files\JetBrains\IntelliJ IDEA Community Edition 2023.3.6\bin

VM Arguments:
jvm_args: -ea --enable-preview -Didea.test.cyclic.buffer.size=1048576 -javaagent:C:\Program Files\JetBrains\IntelliJ IDEA Community Edition 2023.3.6\lib\idea_rt.jar=1259:C:\Program Files\JetBrains\IntelliJ IDEA Community Edition 2023.3.6\bin -Dfile.encoding=UTF-8 -Dsun.stdout.encoding=UTF-8 -Dsun.stderr.encoding=UTF-8 
java_command: com.intellij.rt.testng.RemoteTestNGStarter -usedefaultlisteners false -socket1258 @w@C:\Users\hp\AppData\Local\Temp\idea_working_dirs_testng6.tmp -temp C:\Users\hp\AppData\Local\Temp\idea_testng4.tmp
java_class_path (initial): C:\Program Files\JetBrains\IntelliJ IDEA Community Edition 2023.3.6\lib\idea_rt.jar;C:\Program Files\JetBrains\IntelliJ IDEA Community Edition 2023.3.6\plugins\testng\lib\testng-rt.jar;C:\Users\hp\Downloads\AutomationPracticeProjectRefactored\target\test-classes;C:\Users\hp\Downloads\AutomationPracticeProjectRefactored\target\classes;C:\Users\hp\.m2\repository\org\testng\testng\7.10.1\testng-7.10.1.jar;C:\Users\hp\.m2\repository\org\slf4j\slf4j-api\1.7.36\slf4j-api-1.7.36.jar;C:\Users\hp\.m2\repository\com\beust\jcommander\1.82\jcommander-1.82.jar;C:\Users\hp\.m2\repository\org\webjars\jquery\3.7.1\jquery-3.7.1.jar;C:\Users\hp\.m2\repository\org\seleniumhq\selenium\selenium-java\4.20.0\selenium-java-4.20.0.jar;C:\Users\hp\.m2\repository\org\seleniumhq\selenium\selenium-api\4.20.0\selenium-api-4.20.0.jar;C:\Users\hp\.m2\repository\org\seleniumhq\selenium\selenium-chrome-driver\4.20.0\selenium-chrome-driver-4.20.0.jar;C:\Users\hp\.m2\repository\com\google\auto\service\auto-service-annotations\1.1.1\auto-service-annotations-1.1.1.jar;C:\Users\hp\.m2\repository\org\seleniumhq\selenium\selenium-chromium-driver\4.20.0\selenium-chromium-driver-4.20.0.jar;C:\Users\hp\.m2\repository\org\seleniumhq\selenium\selenium-json\4.20.0\selenium-json-4.20.0.jar;C:\Users\hp\.m2\repository\org\seleniumhq\selenium\selenium-manager\4.20.0\selenium-manager-4.20.0.jar;C:\Users\hp\.m2\repository\org\seleniumhq\selenium\selenium-devtools-v122\4.20.0\selenium-devtools-v122-4.20.0.jar;C:\Users\hp\.m2\repository\org\seleniumhq\selenium\selenium-devtools-v123\4.20.0\selenium-devtools-v123-4.20.0.jar;C:\Users\hp\.m2\repository\org\seleniumhq\selenium\selenium-devtools-v124\4.20.0\selenium-devtools-v124-4.20.0.jar;C:\Users\hp\.m2\repository\org\seleniumhq\selenium\selenium-devtools-v85\4.20.0\selenium-devtools-v85-4.20.0.jar;C:\Users\hp\.m2\repository\org\seleniumhq\selenium\selenium-edge-driver\4.20.0\selenium-edge-driver-4.20.0.jar;C:\Users\hp\.m2\repository\org\seleniumhq\selenium\selenium-firefox-driver\4.20.0\selenium-firefox-driver-4.20.0.jar;C:\Users\hp\.m2\repository\org\seleniumhq\selenium\selenium-http\4.20.0\selenium-http-4.20.0.jar;C:\Users\hp\.m2\repository\dev\failsafe\failsafe\3.3.2\failsafe-3.3.2.jar;C:\Users\hp\.m2\repository\org\seleniumhq\selenium\selenium-ie-driver\4.20.0\selenium-ie-driver-4.20.0.jar;C:\Users\hp\.m2\repository\org\seleniumhq\selenium\selenium-remote-driver\4.20.0\selenium-remote-driver-4.20.0.jar;C:\Users\hp\.m2\repository\com\google\guava\guava\33.1.0-jre\guava-33.1.0-jre.jar;C:\Users\hp\.m2\repository\com\google\guava\failureaccess\1.0.2\failureaccess-1.0.2.jar;C:\Users\hp\.m2\repository\com\google\guava\listenablefuture\9999.0-empty-to-avoid-conflict-with-guava\listenablefuture-9999.0-empty-to-avoid-conflict-with-guava.jar;C:\Users\hp\.m2\repository\com\google\code\findbugs\jsr305\3.0.2\jsr305-3.0.2.jar;C:\Users\hp\.m2\repository\org\checkerframework\checker-qual\3.42.0\checker-qual-3.42.0.jar;C:\Users\hp\.m2\repository\com\google\errorprone\error_prone_annotations\2.26.1\error_prone_annotations-2.26.1.jar;C:\Users\hp\.m2\repository\com\google\j2objc\j2objc-annotations\3.0.0\j2objc-annotations-3.0.0.jar;C:\Users\hp\.m2\repository\io\opentelemetry\semconv\opentelemetry-semconv\1.25.0-alpha\opentelemetry-semconv-1.25.0-alpha.jar;C:\Users\hp\.m2\repository\io\opentelemetry\opentelemetry-api\1.37.0\opentelemetry-api-1.37.0.jar;C:\Users\hp\.m2\repository\io\opentelemetry\opentelemetry-context\1.37.0\opentelemetry-context-1.37.0.jar;C:\Users\hp\.m2\repository\io\opentelemetry\opentelemetry-exporter-logging\1.37.0\opentelemetry-exporter-logging-1.37.0.jar;C:\Users\hp\.m2\repository\io\opentelemetry\opentelemetry-sdk-common\1.37.0\opentelemetry-sdk-common-1.37.0.jar;C:\Users\hp\.m2\repository\io\opentelemetry\opentelemetry-sdk-extension-autoconfigure-spi\1.37.0\opentelemetry-sdk-extension-autoconfigure-spi-1.37.0.jar;C:\Users\hp\.m2\repository\io\opentelemetry\opentelemetry-sdk-extension-autoconfigure\1.37.0\opentelemetry-sdk-extension-autoconfigure-1.37.0.jar;C:\Users\hp\.m2\repository\io\opentelemetry\opentelemetry-api-incubator\1.37.0-alpha\opentelemetry-api-incubator-1.37.0-alpha.jar;C:\Users\hp\.m2\repository\io\opentelemetry\opentelemetry-sdk-trace\1.37.0\opentelemetry-sdk-trace-1.37.0.jar;C:\Users\hp\.m2\repository\io\opentelemetry\opentelemetry-sdk\1.37.0\opentelemetry-sdk-1.37.0.jar;C:\Users\hp\.m2\repository\io\opentelemetry\opentelemetry-sdk-metrics\1.37.0\opentelemetry-sdk-metrics-1.37.0.jar;C:\Users\hp\.m2\repository\io\opentelemetry\opentelemetry-sdk-logs\1.37.0\opentelemetry-sdk-logs-1.37.0.jar;C:\Users\hp\.m2\repository\net\bytebuddy\byte-buddy\1.14.14\byte-buddy-1.14.14.jar;C:\Users\hp\.m2\repository\org\seleniumhq\selenium\selenium-os\4.20.0\selenium-os-4.20.0.jar;C:\Users\hp\.m2\repository\org\apache\commons\commons-exec\1.4.0\commons-exec-1.4.0.jar;C:\Users\hp\.m2\repository\org\seleniumhq\selenium\selenium-safari-driver\4.20.0\selenium-safari-driver-4.20.0.jar;C:\Users\hp\.m2\repository\org\seleniumhq\selenium\selenium-support\4.20.0\selenium-support-4.20.0.jar;C:\Users\hp\.m2\repository\org\apache\poi\poi-ooxml\5.2.5\poi-ooxml-5.2.5.jar;C:\Users\hp\.m2\repository\org\apache\poi\poi\5.2.5\poi-5.2.5.jar;C:\Users\hp\.m2\repository\commons-codec\commons-codec\1.16.0\commons-codec-1.16.0.jar;C:\Users\hp\.m2\repository\org\apache\commons\commons-math3\3.6.1\commons-math3-3.6.1.jar;C:\Users\hp\.m2\repository\com\zaxxer\SparseBitSet\1.3\SparseBitSet-1.3.jar;C:\Users\hp\.m2\repository\org\apache\poi\poi-ooxml-lite\5.2.5\poi-ooxml-lite-5.2.5.jar;C:\Users\hp\.m2\repository\org\apache\xmlbeans\xmlbeans\5.2.0\xmlbeans-5.2.0.jar;C:\Users\hp\.m2\repository\org\apache\commons\commons-compress\1.25.0\commons-compress-1.25.0.jar;C:\Users\hp\.m2\repository\commons-io\commons-io\2.15.0\commons-io-2.15.0.jar;C:\Users\hp\.m2\repository\com\github\virtuald\curvesapi\1.08\curvesapi-1.08.jar;C:\Users\hp\.m2\repository\org\apache\logging\log4j\log4j-api\2.21.1\log4j-api-2.21.1.jar;C:\Users\hp\.m2\repository\org\apache\commons\commons-collections4\4.4\commons-collections4-4.4.jar;C:\Users\hp\.m2\repository\io\github\bonigarcia\webdrivermanager\5.7.0\webdrivermanager-5.7.0.jar;C:\Users\hp\.m2\repository\com\google\code\gson\gson\2.10.1\gson-2.10.1.jar;C:\Users\hp\.m2\repository\com\github\docker-java\docker-java\3.3.5\docker-java-3.3.5.jar;C:\Users\hp\.m2\repository\com\github\docker-java\docker-java-core\3.3.5\docker-java-core-3.3.5.jar;C:\Users\hp\.m2\repository\com\github\docker-java\docker-java-api\3.3.5\docker-java-api-3.3.5.jar;C:\Users\hp\.m2\repository\com\fasterxml\jackson\core\jackson-annotations\2.10.3\jackson-annotations-2.10.3.jar;C:\Users\hp\.m2\repository\com\fasterxml\jackson\core\jackson-databind\2.10.3\jackson-databind-2.10.3.jar;C:\Users\hp\.m2\repository\com\fasterxml\jackson\core\jackson-core\2.10.3\jackson-core-2.10.3.jar;C:\Users\hp\.m2\repository\org\bouncycastle\bcpkix-jdk18on\1.76\bcpkix-jdk18on-1.76.jar;C:\Users\hp\.m2\repository\org\bouncycastle\bcprov-jdk18on\1.76\bcprov-jdk18on-1.76.jar;C:\Users\hp\.m2\repository\org\bouncycastle\bcutil-jdk18on\1.76\bcutil-jdk18on-1.76.jar;C:\Users\hp\.m2\repository\org\slf4j\jcl-over-slf4j\1.7.30\jcl-over-slf4j-1.7.30.jar;C:\Users\hp\.m2\repository\com\github\docker-java\docker-java-transport-httpclient5\3.3.5\docker-java-transport-httpclient5-3.3.5.jar;C:\Users\hp\.m2\repository\com\github\docker-java\docker-java-transport\3.3.5\docker-java-transport-3.3.5.jar;C:\Users\hp\.m2\repository\net\java\dev\jna\jna\5.13.0\jna-5.13.0.jar;C:\Users\hp\.m2\repository\org\brotli\dec\0.1.2\dec-0.1.2.jar;C:\Users\hp\.m2\repository\org\apache\commons\commons-lang3\3.14.0\commons-lang3-3.14.0.jar;C:\Users\hp\.m2\repository\org\apache\httpcomponents\client5\httpclient5\5.2.1\httpclient5-5.2.1.jar;C:\Users\hp\.m2\repository\org\apache\httpcomponents\core5\httpcore5\5.2\httpcore5-5.2.jar;C:\Users\hp\.m2\repository\org\apache\httpcomponents\core5\httpcore5-h2\5.2\httpcore5-h2-5.2.jar
Launcher Type: SUN_STANDARD

[Global flags]
     intx CICompilerCount                          = 3                                         {product} {ergonomic}
     uint ConcGCThreads                            = 1                                         {product} {ergonomic}
     uint G1ConcRefinementThreads                  = 4                                         {product} {ergonomic}
   size_t G1HeapRegionSize                         = 1048576                                   {product} {ergonomic}
   size_t InitialHeapSize                          = 67108864                                  {product} {ergonomic}
   size_t MarkStackSize                            = 4194304                                   {product} {ergonomic}
   size_t MaxHeapSize                              = 1046478848                                {product} {ergonomic}
   size_t MaxNewSize                               = 627048448                                 {product} {ergonomic}
   size_t MinHeapDeltaBytes                        = 1048576                                   {product} {ergonomic}
   size_t MinHeapSize                              = 8388608                                   {product} {ergonomic}
    uintx NonNMethodCodeHeapSize                   = 5832780                                {pd product} {ergonomic}
    uintx NonProfiledCodeHeapSize                  = 122912730                              {pd product} {ergonomic}
    uintx ProfiledCodeHeapSize                     = 122912730                              {pd product} {ergonomic}
    uintx ReservedCodeCacheSize                    = 251658240                              {pd product} {ergonomic}
     bool SegmentedCodeCache                       = true                                      {product} {ergonomic}
   size_t SoftMaxHeapSize                          = 1046478848                             {manageable} {ergonomic}
     bool UseCompressedOops                        = true                           {product lp64_product} {ergonomic}
     bool UseG1GC                                  = true                                      {product} {ergonomic}
     bool UseLargePagesIndividualAllocation        = false                                  {pd product} {ergonomic}

Logging:
Log output configuration:
 #0: stdout all=warning uptime,level,tags foldmultilines=false
 #1: stderr all=off uptime,level,tags foldmultilines=false

Environment Variables:
JAVA_HOME=C:\Program Files\Java\jdk-22
PATH=C:\Program Files\Common Files\Oracle\Java\javapath;C:\Program Files (x86)\Common Files\Oracle\Java\java8path;C:\Program Files (x86)\Common Files\Oracle\Java\javapath;C:\Windows\system32;C:\Windows;C:\Windows\System32\Wbem;C:\Windows\System32\WindowsPowerShell\v1.0\;C:\Windows\System32\OpenSSH\;C:\Program Files\Java\jdk-1.8\bin;C:\Program Files\Java\jdk-22\bin;C:\Program Files\Git\cmd;C:\Users\hp\AppData\Local\Microsoft\WindowsApps;;C:\Program Files\JetBrains\IntelliJ IDEA Community Edition 2023.3.6\bin;
USERNAME=hp
OS=Windows_NT
PROCESSOR_IDENTIFIER=Intel64 Family 6 Model 78 Stepping 3, GenuineIntel
TMP=C:\Users\hp\AppData\Local\Temp
TEMP=C:\Users\hp\AppData\Local\Temp




Periodic native trim disabled

---------------  S Y S T E M  ---------------

OS:
 Windows 10 , 64 bit Build 19041 (10.0.19041.3636)
OS uptime: 2 days 7:14 hours

CPU: total 4 (initial active 4) (2 cores per cpu, 2 threads per core) family 6 model 78 stepping 3 microcode 0xcc, cx8, cmov, fxsr, ht, mmx, 3dnowpref, sse, sse2, sse3, ssse3, sse4.1, sse4.2, popcnt, lzcnt, tsc, tscinvbit, avx, avx2, aes, erms, clmul, bmi1, bmi2, adx, fma, vzeroupper, clflush, clflushopt, rdtscp, f16c
Processor Information for all 4 processors :
  Max Mhz: 2401, Current Mhz: 2200, Mhz Limit: 2184

Memory: 4k page, system-wide physical 3988M (565M free)
TotalPageFile size 6036M (AvailPageFile size 1M)
current process WorkingSet (physical memory assigned to process): 129M, peak: 129M
current process commit charge ("private bytes"): 181M, peak: 181M

vm_info: Java HotSpot(TM) 64-Bit Server VM (22.0.1+8-16) for windows-amd64 JRE (22.0.1+8-16), built on 2024-03-12T10:33:16Z by "mach5one" with MS VC++ 17.6 (VS2022)

END.
