#
# There is insufficient memory for the Java Runtime Environment to continue.
# Native memory allocation (malloc) failed to allocate 960736 bytes. Error detail: Chunk::new
# Possible reasons:
#   The system is out of physical RAM or swap space
#   This process is running with CompressedOops enabled, and the Java Heap may be blocking the growth of the native heap
# Possible solutions:
#   Reduce memory load on the system
#   Increase physical memory or swap space
#   Check if swap backing store is full
#   Decrease Java heap size (-Xmx/-Xms)
#   Decrease number of Java threads
#   Decrease Java thread stack sizes (-Xss)
#   Set larger code cache with -XX:ReservedCodeCacheSize=
#   JVM is running with Unscaled Compressed Oops mode in which the Java heap is
#     placed in the first 4GB address space. The Java Heap base address is the
#     maximum limit for the native heap growth. Please use -XX:HeapBaseMinAddress
#     to set the Java Heap base and to place the Java Heap above 4GB virtual address.
# This output file may be truncated or incomplete.
#
#  Out of Memory Error (arena.cpp:150), pid=2492, tid=16332
#
# JRE version: Java(TM) SE Runtime Environment (22.0.1+8) (build 22.0.1+8-16)
# Java VM: Java HotSpot(TM) 64-Bit Server VM (22.0.1+8-16, mixed mode, sharing, tiered, compressed oops, compressed class ptrs, g1 gc, windows-amd64)
# No core dump will be written. Minidumps are not enabled by default on client versions of Windows
#

---------------  S U M M A R Y ------------

Command Line: -ea --enable-preview -Didea.test.cyclic.buffer.size=1048576 -javaagent:C:\Program Files\JetBrains\IntelliJ IDEA Community Edition 2023.3.6\lib\idea_rt.jar=1293:C:\Program Files\JetBrains\IntelliJ IDEA Community Edition 2023.3.6\bin -Dfile.encoding=UTF-8 -Dsun.stdout.encoding=UTF-8 -Dsun.stderr.encoding=UTF-8 com.intellij.rt.testng.RemoteTestNGStarter -usedefaultlisteners false -socket1292 @w@C:\Users\hp\AppData\Local\Temp\idea_working_dirs_testng4.tmp -temp C:\Users\hp\AppData\Local\Temp\idea_testng7.tmp

Host: Intel(R) Core(TM) i5-6200U CPU @ 2.30GHz, 4 cores, 3G,  Windows 10 , 64 bit Build 19041 (10.0.19041.3636)
Time: Mon May 20 01:01:00 2024 Bangladesh Standard Time elapsed time: 2.694084 seconds (0d 0h 0m 2s)

---------------  T H R E A D  ---------------

Current thread (0x0000021d7cef1060):  JavaThread "C2 CompilerThread1" daemon [_thread_in_native, id=16332, stack(0x000000f5cba00000,0x000000f5cbb00000) (1024K)]


Current CompileTask:
C2:2694 2321       4       java.lang.invoke.MethodType::makeImpl (109 bytes)

Stack: [0x000000f5cba00000,0x000000f5cbb00000]
Native frames: (J=compiled Java code, j=interpreted, Vv=VM code, C=native code)
V  [jvm.dll+0x6e2279]  (no source info available)
V  [jvm.dll+0x874e33]  (no source info available)
V  [jvm.dll+0x87725e]  (no source info available)
V  [jvm.dll+0x877933]  (no source info available)
V  [jvm.dll+0x27fd76]  (no source info available)
V  [jvm.dll+0xc3d0f]  (no source info available)
V  [jvm.dll+0xc3f6b]  (no source info available)
V  [jvm.dll+0x2f3c2f]  (no source info available)
V  [jvm.dll+0x60bc9a]  (no source info available)
V  [jvm.dll+0x250db2]  (no source info available)
V  [jvm.dll+0x2493c6]  (no source info available)
V  [jvm.dll+0x246ec6]  (no source info available)
V  [jvm.dll+0x1c4e90]  (no source info available)
V  [jvm.dll+0x2569fe]  (no source info available)
V  [jvm.dll+0x254cba]  (no source info available)
V  [jvm.dll+0x3f5336]  (no source info available)
V  [jvm.dll+0x81d44b]  (no source info available)
V  [jvm.dll+0x6e0915]  (no source info available)
C  [ucrtbase.dll+0x21bb2]  (no source info available)
C  [KERNEL32.DLL+0x17344]  (no source info available)
C  [ntdll.dll+0x526b1]  (no source info available)


---------------  P R O C E S S  ---------------

Threads class SMR info:
_java_thread_list=0x0000021d7d0b12d0, length=17, elements={
0x0000021d19d4c1a0, 0x0000021d36aa5520, 0x0000021d36aa72a0, 0x0000021d36aaa4a0,
0x0000021d36aab0b0, 0x0000021d36aac2b0, 0x0000021d36aaf6b0, 0x0000021d36ab17a0,
0x0000021d36abfc90, 0x0000021d36b6e650, 0x0000021d7c194140, 0x0000021d7c1947b0,
0x0000021d7c7e4c70, 0x0000021d7c946180, 0x0000021d7c9467f0, 0x0000021d7cef1060,
0x0000021d7d322310
}

Java Threads: ( => current thread )
  0x0000021d19d4c1a0 JavaThread "main"                              [_thread_in_vm, id=3396, stack(0x000000f5ca700000,0x000000f5ca800000) (1024K)]
  0x0000021d36aa5520 JavaThread "Reference Handler"          daemon [_thread_blocked, id=6196, stack(0x000000f5caf00000,0x000000f5cb000000) (1024K)]
  0x0000021d36aa72a0 JavaThread "Finalizer"                  daemon [_thread_blocked, id=14228, stack(0x000000f5cb000000,0x000000f5cb100000) (1024K)]
  0x0000021d36aaa4a0 JavaThread "Signal Dispatcher"          daemon [_thread_blocked, id=7112, stack(0x000000f5cb100000,0x000000f5cb200000) (1024K)]
  0x0000021d36aab0b0 JavaThread "Attach Listener"            daemon [_thread_blocked, id=7396, stack(0x000000f5cb200000,0x000000f5cb300000) (1024K)]
  0x0000021d36aac2b0 JavaThread "Service Thread"             daemon [_thread_blocked, id=8536, stack(0x000000f5cb300000,0x000000f5cb400000) (1024K)]
  0x0000021d36aaf6b0 JavaThread "Monitor Deflation Thread"   daemon [_thread_blocked, id=14464, stack(0x000000f5cb400000,0x000000f5cb500000) (1024K)]
  0x0000021d36ab17a0 JavaThread "C2 CompilerThread0"         daemon [_thread_in_native, id=11372, stack(0x000000f5cb500000,0x000000f5cb600000) (1024K)]
  0x0000021d36abfc90 JavaThread "C1 CompilerThread0"         daemon [_thread_in_vm, id=6576, stack(0x000000f5cb600000,0x000000f5cb700000) (1024K)]
  0x0000021d36b6e650 JavaThread "Common-Cleaner"             daemon [_thread_blocked, id=10108, stack(0x000000f5cb700000,0x000000f5cb800000) (1024K)]
  0x0000021d7c194140 JavaThread "Monitor Ctrl-Break"         daemon [_thread_in_native, id=6648, stack(0x000000f5cb800000,0x000000f5cb900000) (1024K)]
  0x0000021d7c1947b0 JavaThread "Notification Thread"        daemon [_thread_blocked, id=10820, stack(0x000000f5cb900000,0x000000f5cba00000) (1024K)]
  0x0000021d7c7e4c70 JavaThread "ForkJoinPool.commonPool-worker-1" daemon [_thread_blocked, id=12060, stack(0x000000f5cbe00000,0x000000f5cbf00000) (1024K)]
  0x0000021d7c946180 JavaThread "ForkJoinPool.commonPool-worker-2" daemon [_thread_blocked, id=3324, stack(0x000000f5cbf00000,0x000000f5cc000000) (1024K)]
  0x0000021d7c9467f0 JavaThread "ForkJoinPool.commonPool-worker-3" daemon [_thread_blocked, id=5952, stack(0x000000f5cc000000,0x000000f5cc100000) (1024K)]
=>0x0000021d7cef1060 JavaThread "C2 CompilerThread1"         daemon [_thread_in_native, id=16332, stack(0x000000f5cba00000,0x000000f5cbb00000) (1024K)]
  0x0000021d7d322310 JavaThread "HttpClient-1-SelectorManager" daemon [_thread_in_native, id=9280, stack(0x000000f5cc100000,0x000000f5cc200000) (1024K)]
Total: 17

Other Threads:
  0x0000021d1c01da20 VMThread "VM Thread"                           [id=15792, stack(0x000000f5cae00000,0x000000f5caf00000) (1024K)]
  0x0000021d1c008990 WatcherThread "VM Periodic Task Thread"        [id=11552, stack(0x000000f5cad00000,0x000000f5cae00000) (1024K)]
  0x0000021d1bf98540 WorkerThread "GC Thread#0"                     [id=7720, stack(0x000000f5ca800000,0x000000f5ca900000) (1024K)]
  0x0000021d7c6e2ae0 WorkerThread "GC Thread#1"                     [id=11276, stack(0x000000f5cbb00000,0x000000f5cbc00000) (1024K)]
  0x0000021d7c7b5750 WorkerThread "GC Thread#2"                     [id=4180, stack(0x000000f5cbc00000,0x000000f5cbd00000) (1024K)]
  0x0000021d7c7b5b00 WorkerThread "GC Thread#3"                     [id=5160, stack(0x000000f5cbd00000,0x000000f5cbe00000) (1024K)]
  0x0000021d1bfa10f0 ConcurrentGCThread "G1 Main Marker"            [id=1868, stack(0x000000f5ca900000,0x000000f5caa00000) (1024K)]
  0x0000021d19e09f60 WorkerThread "G1 Conc#0"                       [id=4848, stack(0x000000f5caa00000,0x000000f5cab00000) (1024K)]
  0x0000021d1bff2ed0 ConcurrentGCThread "G1 Refine#0"               [id=8516, stack(0x000000f5cab00000,0x000000f5cac00000) (1024K)]
  0x0000021d1bff3b00 ConcurrentGCThread "G1 Service"                [id=752, stack(0x000000f5cac00000,0x000000f5cad00000) (1024K)]
Total: 10

Threads with active compile tasks:
C2 CompilerThread0  2798 2382       4       java.util.regex.Pattern$SliceI::match (96 bytes)
C1 CompilerThread0  2798 2377       3       java.lang.invoke.AbstractValidatingLambdaMetafactory::validateMetafactoryArgs (607 bytes)
C2 CompilerThread1  2798 2321       4       java.lang.invoke.MethodType::makeImpl (109 bytes)
Total: 3

VM state: not at safepoint (normal execution)

VM Mutex/Monitor currently owned by a thread:  ([mutex/lock_event])
[0x00007ffc89e5a738] MethodCompileQueue_lock - owner thread: 0x0000021d36abfc90
[0x00007ffc89e5bab8] CodeCache_lock - owner thread: 0x0000021d36abfc90
[0x00007ffc89e5bc38] Compile_lock - owner thread: 0x0000021d36abfc90

Heap address: 0x00000000c1a00000, size: 998 MB, Compressed Oops mode: 32-bit

CDS archive(s) mapped at: [0x0000021d37000000-0x0000021d37c60000-0x0000021d37c60000), size 12976128, SharedBaseAddress: 0x0000021d37000000, ArchiveRelocationMode: 1.
Compressed class space mapped at: 0x0000021d38000000-0x0000021d78000000, reserved size: 1073741824
Narrow klass base: 0x0000021d37000000, Narrow klass shift: 0, Narrow klass range: 0x41000000

GC Precious Log:
 CardTable entry size: 512
 Card Set container configuration: InlinePtr #cards 5 size 8 Array Of Cards #cards 12 size 40 Howl #buckets 4 coarsen threshold 1843 Howl Bitmap #cards 512 size 80 coarsen threshold 460 Card regions per heap region 1 cards per card region 2048
 CPUs: 4 total, 4 available
 Memory: 3988M
 Large Page Support: Disabled
 NUMA Support: Disabled
 Compressed Oops: Enabled (32-bit)
 Heap Region Size: 1M
 Heap Min Capacity: 8M
 Heap Initial Capacity: 64M
 Heap Max Capacity: 998M
 Pre-touch: Disabled
 Parallel Workers: 4
 Concurrent Workers: 1
 Concurrent Refinement Workers: 4
 Periodic GC: Disabled

Heap:
 garbage-first heap   total reserved 1021952K, committed 65536K, used 24110K [0x00000000c1a00000, 0x0000000100000000)
  region size 1024K, 14 young (14336K), 4 survivors (4096K)
 Metaspace       used 14997K, committed 15424K, reserved 1114112K
  class space    used 1750K, committed 1984K, reserved 1048576K

Heap Regions: E=young(eden), S=young(survivor), O=old, HS=humongous(starts), HC=humongous(continues), CS=collection set, F=free, TAMS=top-at-mark-start, PB=parsable bottom
|   0|0x00000000c1a00000, 0x00000000c1b00000, 0x00000000c1b00000|100%|HS|  |TAMS 0x00000000c1a00000| PB 0x00000000c1a00000| Complete |  0
|   1|0x00000000c1b00000, 0x00000000c1c00000, 0x00000000c1c00000|100%| O|  |TAMS 0x00000000c1b00000| PB 0x00000000c1b00000| Untracked |  0
|   2|0x00000000c1c00000, 0x00000000c1d00000, 0x00000000c1d00000|100%| O|  |TAMS 0x00000000c1c00000| PB 0x00000000c1c00000| Untracked |  0
|   3|0x00000000c1d00000, 0x00000000c1e00000, 0x00000000c1e00000|100%| O|  |TAMS 0x00000000c1d00000| PB 0x00000000c1d00000| Untracked |  0
|   4|0x00000000c1e00000, 0x00000000c1f00000, 0x00000000c1f00000|100%| O|  |TAMS 0x00000000c1e00000| PB 0x00000000c1e00000| Untracked |  0
|   5|0x00000000c1f00000, 0x00000000c2000000, 0x00000000c2000000|100%| O|  |TAMS 0x00000000c1f00000| PB 0x00000000c1f00000| Untracked |  0
|   6|0x00000000c2000000, 0x00000000c2100000, 0x00000000c2100000|100%| O|  |TAMS 0x00000000c2000000| PB 0x00000000c2000000| Untracked |  0
|   7|0x00000000c2100000, 0x00000000c2200000, 0x00000000c2200000|100%| O|  |TAMS 0x00000000c2100000| PB 0x00000000c2100000| Untracked |  0
|   8|0x00000000c2200000, 0x00000000c2300000, 0x00000000c2300000|100%| O|  |TAMS 0x00000000c2200000| PB 0x00000000c2200000| Untracked |  0
|   9|0x00000000c2300000, 0x00000000c2400000, 0x00000000c2400000|100%| O|  |TAMS 0x00000000c2300000| PB 0x00000000c2300000| Untracked |  0
|  10|0x00000000c2400000, 0x00000000c248b920, 0x00000000c2500000| 54%| O|  |TAMS 0x00000000c2400000| PB 0x00000000c2400000| Untracked |  0
|  11|0x00000000c2500000, 0x00000000c2500000, 0x00000000c2600000|  0%| F|  |TAMS 0x00000000c2500000| PB 0x00000000c2500000| Untracked |  0
|  12|0x00000000c2600000, 0x00000000c2600000, 0x00000000c2700000|  0%| F|  |TAMS 0x00000000c2600000| PB 0x00000000c2600000| Untracked |  0
|  13|0x00000000c2700000, 0x00000000c2700000, 0x00000000c2800000|  0%| F|  |TAMS 0x00000000c2700000| PB 0x00000000c2700000| Untracked |  0
|  14|0x00000000c2800000, 0x00000000c2800000, 0x00000000c2900000|  0%| F|  |TAMS 0x00000000c2800000| PB 0x00000000c2800000| Untracked |  0
|  15|0x00000000c2900000, 0x00000000c2900000, 0x00000000c2a00000|  0%| F|  |TAMS 0x00000000c2900000| PB 0x00000000c2900000| Untracked |  0
|  16|0x00000000c2a00000, 0x00000000c2a00000, 0x00000000c2b00000|  0%| F|  |TAMS 0x00000000c2a00000| PB 0x00000000c2a00000| Untracked |  0
|  17|0x00000000c2b00000, 0x00000000c2b00000, 0x00000000c2c00000|  0%| F|  |TAMS 0x00000000c2b00000| PB 0x00000000c2b00000| Untracked |  0
|  18|0x00000000c2c00000, 0x00000000c2c00000, 0x00000000c2d00000|  0%| F|  |TAMS 0x00000000c2c00000| PB 0x00000000c2c00000| Untracked |  0
|  19|0x00000000c2d00000, 0x00000000c2d00000, 0x00000000c2e00000|  0%| F|  |TAMS 0x00000000c2d00000| PB 0x00000000c2d00000| Untracked |  0
|  20|0x00000000c2e00000, 0x00000000c2e00000, 0x00000000c2f00000|  0%| F|  |TAMS 0x00000000c2e00000| PB 0x00000000c2e00000| Untracked |  0
|  21|0x00000000c2f00000, 0x00000000c2f00000, 0x00000000c3000000|  0%| F|  |TAMS 0x00000000c2f00000| PB 0x00000000c2f00000| Untracked |  0
|  22|0x00000000c3000000, 0x00000000c3000000, 0x00000000c3100000|  0%| F|  |TAMS 0x00000000c3000000| PB 0x00000000c3000000| Untracked |  0
|  23|0x00000000c3100000, 0x00000000c3100000, 0x00000000c3200000|  0%| F|  |TAMS 0x00000000c3100000| PB 0x00000000c3100000| Untracked |  0
|  24|0x00000000c3200000, 0x00000000c3200000, 0x00000000c3300000|  0%| F|  |TAMS 0x00000000c3200000| PB 0x00000000c3200000| Untracked |  0
|  25|0x00000000c3300000, 0x00000000c3300000, 0x00000000c3400000|  0%| F|  |TAMS 0x00000000c3300000| PB 0x00000000c3300000| Untracked |  0
|  26|0x00000000c3400000, 0x00000000c3400000, 0x00000000c3500000|  0%| F|  |TAMS 0x00000000c3400000| PB 0x00000000c3400000| Untracked |  0
|  27|0x00000000c3500000, 0x00000000c3500000, 0x00000000c3600000|  0%| F|  |TAMS 0x00000000c3500000| PB 0x00000000c3500000| Untracked |  0
|  28|0x00000000c3600000, 0x00000000c3600000, 0x00000000c3700000|  0%| F|  |TAMS 0x00000000c3600000| PB 0x00000000c3600000| Untracked |  0
|  29|0x00000000c3700000, 0x00000000c3700000, 0x00000000c3800000|  0%| F|  |TAMS 0x00000000c3700000| PB 0x00000000c3700000| Untracked |  0
|  30|0x00000000c3800000, 0x00000000c3800000, 0x00000000c3900000|  0%| F|  |TAMS 0x00000000c3800000| PB 0x00000000c3800000| Untracked |  0
|  31|0x00000000c3900000, 0x00000000c3900000, 0x00000000c3a00000|  0%| F|  |TAMS 0x00000000c3900000| PB 0x00000000c3900000| Untracked |  0
|  32|0x00000000c3a00000, 0x00000000c3a00000, 0x00000000c3b00000|  0%| F|  |TAMS 0x00000000c3a00000| PB 0x00000000c3a00000| Untracked |  0
|  33|0x00000000c3b00000, 0x00000000c3b00000, 0x00000000c3c00000|  0%| F|  |TAMS 0x00000000c3b00000| PB 0x00000000c3b00000| Untracked |  0
|  34|0x00000000c3c00000, 0x00000000c3c00000, 0x00000000c3d00000|  0%| F|  |TAMS 0x00000000c3c00000| PB 0x00000000c3c00000| Untracked |  0
|  35|0x00000000c3d00000, 0x00000000c3e00000, 0x00000000c3e00000|100%| S|CS|TAMS 0x00000000c3d00000| PB 0x00000000c3d00000| Complete |  0
|  36|0x00000000c3e00000, 0x00000000c3f00000, 0x00000000c3f00000|100%| S|CS|TAMS 0x00000000c3e00000| PB 0x00000000c3e00000| Complete |  0
|  37|0x00000000c3f00000, 0x00000000c4000000, 0x00000000c4000000|100%| S|CS|TAMS 0x00000000c3f00000| PB 0x00000000c3f00000| Complete |  0
|  38|0x00000000c4000000, 0x00000000c4100000, 0x00000000c4100000|100%| S|CS|TAMS 0x00000000c4000000| PB 0x00000000c4000000| Complete |  0
|  39|0x00000000c4100000, 0x00000000c4100000, 0x00000000c4200000|  0%| F|  |TAMS 0x00000000c4100000| PB 0x00000000c4100000| Untracked |  0
|  40|0x00000000c4200000, 0x00000000c4200000, 0x00000000c4300000|  0%| F|  |TAMS 0x00000000c4200000| PB 0x00000000c4200000| Untracked |  0
|  41|0x00000000c4300000, 0x00000000c4300000, 0x00000000c4400000|  0%| F|  |TAMS 0x00000000c4300000| PB 0x00000000c4300000| Untracked |  0
|  42|0x00000000c4400000, 0x00000000c4400000, 0x00000000c4500000|  0%| F|  |TAMS 0x00000000c4400000| PB 0x00000000c4400000| Untracked |  0
|  43|0x00000000c4500000, 0x00000000c4500000, 0x00000000c4600000|  0%| F|  |TAMS 0x00000000c4500000| PB 0x00000000c4500000| Untracked |  0
|  44|0x00000000c4600000, 0x00000000c4600000, 0x00000000c4700000|  0%| F|  |TAMS 0x00000000c4600000| PB 0x00000000c4600000| Untracked |  0
|  45|0x00000000c4700000, 0x00000000c4700000, 0x00000000c4800000|  0%| F|  |TAMS 0x00000000c4700000| PB 0x00000000c4700000| Untracked |  0
|  46|0x00000000c4800000, 0x00000000c4800000, 0x00000000c4900000|  0%| F|  |TAMS 0x00000000c4800000| PB 0x00000000c4800000| Untracked |  0
|  47|0x00000000c4900000, 0x00000000c4900000, 0x00000000c4a00000|  0%| F|  |TAMS 0x00000000c4900000| PB 0x00000000c4900000| Untracked |  0
|  48|0x00000000c4a00000, 0x00000000c4a00000, 0x00000000c4b00000|  0%| F|  |TAMS 0x00000000c4a00000| PB 0x00000000c4a00000| Untracked |  0
|  49|0x00000000c4b00000, 0x00000000c4b00000, 0x00000000c4c00000|  0%| F|  |TAMS 0x00000000c4b00000| PB 0x00000000c4b00000| Untracked |  0
|  50|0x00000000c4c00000, 0x00000000c4c00000, 0x00000000c4d00000|  0%| F|  |TAMS 0x00000000c4c00000| PB 0x00000000c4c00000| Untracked |  0
|  51|0x00000000c4d00000, 0x00000000c4d00000, 0x00000000c4e00000|  0%| F|  |TAMS 0x00000000c4d00000| PB 0x00000000c4d00000| Untracked |  0
|  52|0x00000000c4e00000, 0x00000000c4e00000, 0x00000000c4f00000|  0%| F|  |TAMS 0x00000000c4e00000| PB 0x00000000c4e00000| Untracked |  0
|  53|0x00000000c4f00000, 0x00000000c4f00000, 0x00000000c5000000|  0%| F|  |TAMS 0x00000000c4f00000| PB 0x00000000c4f00000| Untracked |  0
|  54|0x00000000c5000000, 0x00000000c50cec18, 0x00000000c5100000| 80%| E|  |TAMS 0x00000000c5000000| PB 0x00000000c5000000| Complete |  0
|  55|0x00000000c5100000, 0x00000000c5200000, 0x00000000c5200000|100%| E|CS|TAMS 0x00000000c5100000| PB 0x00000000c5100000| Complete |  0
|  56|0x00000000c5200000, 0x00000000c5300000, 0x00000000c5300000|100%| E|CS|TAMS 0x00000000c5200000| PB 0x00000000c5200000| Complete |  0
|  57|0x00000000c5300000, 0x00000000c5400000, 0x00000000c5400000|100%| E|CS|TAMS 0x00000000c5300000| PB 0x00000000c5300000| Complete |  0
|  58|0x00000000c5400000, 0x00000000c5500000, 0x00000000c5500000|100%| E|CS|TAMS 0x00000000c5400000| PB 0x00000000c5400000| Complete |  0
|  59|0x00000000c5500000, 0x00000000c5600000, 0x00000000c5600000|100%| E|CS|TAMS 0x00000000c5500000| PB 0x00000000c5500000| Complete |  0
|  60|0x00000000c5600000, 0x00000000c5700000, 0x00000000c5700000|100%| E|CS|TAMS 0x00000000c5600000| PB 0x00000000c5600000| Complete |  0
|  61|0x00000000c5700000, 0x00000000c5800000, 0x00000000c5800000|100%| E|CS|TAMS 0x00000000c5700000| PB 0x00000000c5700000| Complete |  0
|  62|0x00000000c5800000, 0x00000000c5900000, 0x00000000c5900000|100%| E|CS|TAMS 0x00000000c5800000| PB 0x00000000c5800000| Complete |  0
|  63|0x00000000c5900000, 0x00000000c5a00000, 0x00000000c5a00000|100%| E|CS|TAMS 0x00000000c5900000| PB 0x00000000c5900000| Complete |  0

Card table byte_map: [0x0000021d334a0000,0x0000021d336a0000] _byte_map_base: 0x0000021d32e93000

Marking Bits: (CMBitMap*) 0x0000021d1bf98b50
 Bits: [0x0000021d336a0000, 0x0000021d34638000)

Polling page: 0x0000021d1b720000

Metaspace:

Usage:
  Non-class:     12.94 MB used.
      Class:      1.71 MB used.
       Both:     14.65 MB used.

Virtual space:
  Non-class space:       64.00 MB reserved,      13.12 MB ( 21%) committed,  1 nodes.
      Class space:        1.00 GB reserved,       1.94 MB ( <1%) committed,  1 nodes.
             Both:        1.06 GB reserved,      15.06 MB (  1%) committed. 

Chunk freelists:
   Non-Class:  2.44 MB
       Class:  13.98 MB
        Both:  16.43 MB

MaxMetaspaceSize: unlimited
CompressedClassSpaceSize: 1.00 GB
Initial GC threshold: 21.00 MB
Current GC threshold: 21.00 MB
CDS: on
 - commit_granule_bytes: 65536.
 - commit_granule_words: 8192.
 - virtual_space_node_default_size: 8388608.
 - enlarge_chunks_in_place: 1.
 - use_allocation_guard: 0.


Internal statistics:

num_allocs_failed_limit: 0.
num_arena_births: 436.
num_arena_deaths: 0.
num_vsnodes_births: 2.
num_vsnodes_deaths: 0.
num_space_committed: 241.
num_space_uncommitted: 0.
num_chunks_returned_to_freelist: 0.
num_chunks_taken_from_freelist: 823.
num_chunk_merges: 0.
num_chunk_splits: 466.
num_chunks_enlarged: 232.
num_inconsistent_stats: 0.

CodeHeap 'non-profiled nmethods': size=120000Kb used=960Kb max_used=960Kb free=119039Kb
 bounds [0x0000021d2bd70000, 0x0000021d2bfe0000, 0x0000021d332a0000]
CodeHeap 'profiled nmethods': size=120000Kb used=4478Kb max_used=4478Kb free=115521Kb
 bounds [0x0000021d242a0000, 0x0000021d24700000, 0x0000021d2b7d0000]
CodeHeap 'non-nmethods': size=5760Kb used=1504Kb max_used=1532Kb free=4255Kb
 bounds [0x0000021d2b7d0000, 0x0000021d2ba40000, 0x0000021d2bd70000]
 total_blobs=2950 nmethods=2374 adapters=479
 compilation: enabled
              stopped_count=0, restarted_count=0
 full_count=0

Compilation events (20 events):
Event: 2.660 Thread 0x0000021d36abfc90 2351       3       sun.security.jca.Providers::getProviderList (14 bytes)
Event: 2.661 Thread 0x0000021d36abfc90 nmethod 2351 0x0000021d246f5890 code [0x0000021d246f5a60, 0x0000021d246f5e98]
Event: 2.661 Thread 0x0000021d36abfc90 2352       3       sun.security.jca.Providers::getThreadProviderList (18 bytes)
Event: 2.661 Thread 0x0000021d36abfc90 nmethod 2352 0x0000021d246f6010 code [0x0000021d246f61e0, 0x0000021d246f6540]
Event: 2.661 Thread 0x0000021d36abfc90 2353       3       sun.security.jca.Providers::getSystemProviderList (4 bytes)
Event: 2.661 Thread 0x0000021d36abfc90 nmethod 2353 0x0000021d246f6610 code [0x0000021d246f67a0, 0x0000021d246f6898]
Event: 2.665 Thread 0x0000021d36abfc90 2354       3       java.lang.Module::canRead (86 bytes)
Event: 2.667 Thread 0x0000021d36abfc90 nmethod 2354 0x0000021d246f6910 code [0x0000021d246f6ce0, 0x0000021d246f8718]
Event: 2.668 Thread 0x0000021d36ab17a0 2355   !   4       jdk.internal.misc.Blocker::begin (97 bytes)
Event: 2.669 Thread 0x0000021d36ab17a0 nmethod 2355 0x0000021d2be53910 code [0x0000021d2be53aa0, 0x0000021d2be53b68]
Event: 2.669 Thread 0x0000021d36ab17a0 2356       4       jdk.internal.misc.Blocker::currentCarrierThread (9 bytes)
Event: 2.670 Thread 0x0000021d36ab17a0 nmethod 2356 0x0000021d2be53c90 code [0x0000021d2be53e00, 0x0000021d2be53e70]
Event: 2.670 Thread 0x0000021d36ab17a0 2357       4       java.lang.System$2::currentCarrierThread (4 bytes)
Event: 2.670 Thread 0x0000021d36ab17a0 nmethod 2357 0x0000021d2be53f90 code [0x0000021d2be54100, 0x0000021d2be54190]
Event: 2.678 Thread 0x0000021d36abfc90 2358       3       java.util.WeakHashMap::getTable (9 bytes)
Event: 2.678 Thread 0x0000021d36abfc90 nmethod 2358 0x0000021d246f8e10 code [0x0000021d246f8fc0, 0x0000021d246f9110]
Event: 2.683 Thread 0x0000021d36ab17a0 2359       4       java.lang.StringConcatHelper::prepend (37 bytes)
Event: 2.683 Thread 0x0000021d36abfc90 2360       1       java.util.logging.Logger::getName (5 bytes)
Event: 2.683 Thread 0x0000021d36abfc90 nmethod 2360 0x0000021d2be54290 code [0x0000021d2be54420, 0x0000021d2be544e8]
Event: 2.685 Thread 0x0000021d36ab17a0 nmethod 2359 0x0000021d2be54590 code [0x0000021d2be54720, 0x0000021d2be548e8]

GC Heap History (6 events):
Event: 1.058 GC heap before
{Heap before GC invocations=0 (full 0):
 garbage-first heap   total reserved 1021952K, committed 65536K, used 15360K [0x00000000c1a00000, 0x0000000100000000)
  region size 1024K, 14 young (14336K), 0 survivors (0K)
 Metaspace       used 4893K, committed 5056K, reserved 1114112K
  class space    used 530K, committed 640K, reserved 1048576K
}
Event: 1.067 GC heap after
{Heap after GC invocations=1 (full 0):
 garbage-first heap   total reserved 1021952K, committed 65536K, used 7360K [0x00000000c1a00000, 0x0000000100000000)
  region size 1024K, 2 young (2048K), 2 survivors (2048K)
 Metaspace       used 4893K, committed 5056K, reserved 1114112K
  class space    used 530K, committed 640K, reserved 1048576K
}
Event: 1.607 GC heap before
{Heap before GC invocations=1 (full 0):
 garbage-first heap   total reserved 1021952K, committed 65536K, used 19648K [0x00000000c1a00000, 0x0000000100000000)
  region size 1024K, 15 young (15360K), 2 survivors (2048K)
 Metaspace       used 8244K, committed 8576K, reserved 1114112K
  class space    used 932K, committed 1088K, reserved 1048576K
}
Event: 1.616 GC heap after
{Heap after GC invocations=2 (full 0):
 garbage-first heap   total reserved 1021952K, committed 65536K, used 9472K [0x00000000c1a00000, 0x0000000100000000)
  region size 1024K, 2 young (2048K), 2 survivors (2048K)
 Metaspace       used 8244K, committed 8576K, reserved 1114112K
  class space    used 932K, committed 1088K, reserved 1048576K
}
Event: 2.235 GC heap before
{Heap before GC invocations=2 (full 0):
 garbage-first heap   total reserved 1021952K, committed 65536K, used 33024K [0x00000000c1a00000, 0x0000000100000000)
  region size 1024K, 25 young (25600K), 2 survivors (2048K)
 Metaspace       used 11384K, committed 11712K, reserved 1114112K
  class space    used 1260K, committed 1408K, reserved 1048576K
}
Event: 2.256 GC heap after
{Heap after GC invocations=3 (full 0):
 garbage-first heap   total reserved 1021952K, committed 65536K, used 14894K [0x00000000c1a00000, 0x0000000100000000)
  region size 1024K, 4 young (4096K), 4 survivors (4096K)
 Metaspace       used 11384K, committed 11712K, reserved 1114112K
  class space    used 1260K, committed 1408K, reserved 1048576K
}

Dll operation events (12 events):
Event: 0.030 Loaded shared library C:\Program Files\Java\jdk-22\bin\java.dll
Event: 0.088 Loaded shared library C:\Program Files\Java\jdk-22\bin\jsvml.dll
Event: 0.272 Loaded shared library C:\Program Files\Java\jdk-22\bin\zip.dll
Event: 0.279 Loaded shared library C:\Program Files\Java\jdk-22\bin\instrument.dll
Event: 0.285 Loaded shared library C:\Program Files\Java\jdk-22\bin\net.dll
Event: 0.290 Loaded shared library C:\Program Files\Java\jdk-22\bin\nio.dll
Event: 0.308 Loaded shared library C:\Program Files\Java\jdk-22\bin\zip.dll
Event: 0.326 Loaded shared library C:\Program Files\JetBrains\IntelliJ IDEA Community Edition 2023.3.6\bin\breakgen64.dll
Event: 0.342 Loaded shared library C:\Program Files\Java\jdk-22\bin\extnet.dll
Event: 0.418 Loaded shared library C:\Program Files\Java\jdk-22\bin\verify.dll
Event: 0.429 Loaded shared library C:\Program Files\Java\jdk-22\bin\jimage.dll
Event: 2.599 Loaded shared library C:\Program Files\Java\jdk-22\bin\sunmscapi.dll

Deoptimization events (20 events):
Event: 2.487 Thread 0x0000021d7c7e4c70 Uncommon trap: trap_request=0xffffffde fr.pc=0x0000021d2be49424 relative=0x0000000000000084
Event: 2.487 Thread 0x0000021d7c7e4c70 Uncommon trap: reason=class_check action=maybe_recompile pc=0x0000021d2be49424 method=jdk.internal.misc.Blocker.begin()J @ 11 c2
Event: 2.487 Thread 0x0000021d7c7e4c70 DEOPT PACKING pc=0x0000021d2be49424 sp=0x000000f5cbefe150
Event: 2.487 Thread 0x0000021d7c7e4c70 DEOPT UNPACKING pc=0x0000021d2b8246a2 sp=0x000000f5cbefe0a8 mode 2
Event: 2.487 Thread 0x0000021d7c7e4c70 Uncommon trap: trap_request=0xffffffde fr.pc=0x0000021d2be49424 relative=0x0000000000000084
Event: 2.487 Thread 0x0000021d7c7e4c70 Uncommon trap: reason=class_check action=maybe_recompile pc=0x0000021d2be49424 method=jdk.internal.misc.Blocker.begin()J @ 11 c2
Event: 2.487 Thread 0x0000021d7c7e4c70 DEOPT PACKING pc=0x0000021d2be49424 sp=0x000000f5cbefdcc0
Event: 2.487 Thread 0x0000021d7c7e4c70 DEOPT UNPACKING pc=0x0000021d2b8246a2 sp=0x000000f5cbefdc18 mode 2
Event: 2.487 Thread 0x0000021d7c7e4c70 Uncommon trap: trap_request=0xffffffde fr.pc=0x0000021d2be49424 relative=0x0000000000000084
Event: 2.487 Thread 0x0000021d7c7e4c70 Uncommon trap: reason=class_check action=maybe_recompile pc=0x0000021d2be49424 method=jdk.internal.misc.Blocker.begin()J @ 11 c2
Event: 2.487 Thread 0x0000021d7c7e4c70 DEOPT PACKING pc=0x0000021d2be49424 sp=0x000000f5cbefdc20
Event: 2.487 Thread 0x0000021d7c7e4c70 DEOPT UNPACKING pc=0x0000021d2b8246a2 sp=0x000000f5cbefdb78 mode 2
Event: 2.538 Thread 0x0000021d19d4c1a0 Uncommon trap: trap_request=0xffffff45 fr.pc=0x0000021d2bdea90c relative=0x00000000000022ec
Event: 2.538 Thread 0x0000021d19d4c1a0 Uncommon trap: reason=unstable_if action=reinterpret pc=0x0000021d2bdea90c method=jdk.internal.org.objectweb.asm.Frame.execute(IILjdk/internal/org/objectweb/asm/Symbol;Ljdk/internal/org/objectweb/asm/SymbolTable;)V @ 1 c2
Event: 2.538 Thread 0x0000021d19d4c1a0 DEOPT PACKING pc=0x0000021d2bdea90c sp=0x000000f5ca7fb8f0
Event: 2.538 Thread 0x0000021d19d4c1a0 DEOPT UNPACKING pc=0x0000021d2b8246a2 sp=0x000000f5ca7fb858 mode 2
Event: 2.554 Thread 0x0000021d19d4c1a0 Uncommon trap: trap_request=0xffffff45 fr.pc=0x0000021d2bdc2dac relative=0x000000000000010c
Event: 2.554 Thread 0x0000021d19d4c1a0 Uncommon trap: reason=unstable_if action=reinterpret pc=0x0000021d2bdc2dac method=jdk.internal.org.objectweb.asm.ByteVector.putShort(I)Ljdk/internal/org/objectweb/asm/ByteVector; @ 13 c2
Event: 2.554 Thread 0x0000021d19d4c1a0 DEOPT PACKING pc=0x0000021d2bdc2dac sp=0x000000f5ca7fb490
Event: 2.554 Thread 0x0000021d19d4c1a0 DEOPT UNPACKING pc=0x0000021d2b8246a2 sp=0x000000f5ca7fb428 mode 2

Classes loaded (20 events):
Event: 2.659 Loading class java/nio/channels/spi/AbstractInterruptibleChannel$1
Event: 2.659 Loading class sun/nio/ch/Interruptible
Event: 2.659 Loading class sun/nio/ch/Interruptible done
Event: 2.659 Loading class java/nio/channels/spi/AbstractInterruptibleChannel$1 done
Event: 2.660 Loading class jdk/internal/event/SocketWriteEvent
Event: 2.661 Loading class jdk/internal/event/SocketWriteEvent done
Event: 2.661 Loading class java/nio/BufferMismatch
Event: 2.661 Loading class java/nio/BufferMismatch done
Event: 2.662 Loading class sun/nio/ch/SourceChannelImpl
Event: 2.662 Loading class java/nio/channels/Pipe$SourceChannel
Event: 2.662 Loading class java/nio/channels/Pipe$SourceChannel done
Event: 2.662 Loading class sun/nio/ch/SourceChannelImpl done
Event: 2.662 Loading class sun/nio/ch/SinkChannelImpl
Event: 2.662 Loading class java/nio/channels/Pipe$SinkChannel
Event: 2.662 Loading class java/nio/channels/Pipe$SinkChannel done
Event: 2.662 Loading class sun/nio/ch/SinkChannelImpl done
Event: 2.668 Loading class java/nio/channels/spi/AbstractSelector$1
Event: 2.668 Loading class java/nio/channels/spi/AbstractSelector$1 done
Event: 2.691 Loading class java/util/logging/ErrorManager
Event: 2.691 Loading class java/util/logging/ErrorManager done

Classes unloaded (0 events):
No events

Classes redefined (0 events):
No events

Internal exceptions (20 events):
Event: 2.307 Thread 0x0000021d19d4c1a0 Exception <a 'java/lang/NoSuchMethodError'{0x00000000c56a43a8}: 'java.lang.Object java.lang.invoke.DirectMethodHandle$Holder.newInvokeSpecial(java.lang.Object, java.lang.Object, int)'> (0x00000000c56a43a8) 
thrown [s\open\src\hotspot\share\interpreter\linkResolver.cpp, line 774]
Event: 2.307 Thread 0x0000021d19d4c1a0 Exception <a 'java/lang/IncompatibleClassChangeError'{0x00000000c56a7ba8}: Found class java.lang.Object, but interface was expected> (0x00000000c56a7ba8) 
thrown [s\open\src\hotspot\share\interpreter\linkResolver.cpp, line 841]
Event: 2.445 Thread 0x0000021d19d4c1a0 Exception <a 'java/lang/NoSuchMethodError'{0x00000000c54abe50}: 'void java.lang.invoke.DirectMethodHandle$Holder.invokeStaticInit(java.lang.Object, java.lang.Object)'> (0x00000000c54abe50) 
thrown [s\open\src\hotspot\share\interpreter\linkResolver.cpp, line 774]
Event: 2.476 Thread 0x0000021d19d4c1a0 Exception <a 'java/lang/NoSuchMethodError'{0x00000000c533c890}: 'java.lang.Object java.lang.invoke.DirectMethodHandle$Holder.invokeSpecialIFC(java.lang.Object, java.lang.Object, java.lang.Object, java.lang.Object)'> (0x00000000c533c890) 
thrown [s\open\src\hotspot\share\interpreter\linkResolver.cpp, line 774]
Event: 2.516 Thread 0x0000021d19d4c1a0 Exception <a 'java/lang/NoSuchMethodError'{0x00000000c53b7808}: 'java.lang.Object java.lang.invoke.DirectMethodHandle$Holder.invokeStatic(java.lang.Object, java.lang.Object, int)'> (0x00000000c53b7808) 
thrown [s\open\src\hotspot\share\interpreter\linkResolver.cpp, line 774]
Event: 2.516 Thread 0x0000021d19d4c1a0 Exception <a 'java/lang/NoSuchMethodError'{0x00000000c53bae88}: 'java.lang.Object java.lang.invoke.DirectMethodHandle$Holder.invokeStaticInit(java.lang.Object, java.lang.Object, int)'> (0x00000000c53bae88) 
thrown [s\open\src\hotspot\share\interpreter\linkResolver.cpp, line 774]
Event: 2.520 Thread 0x0000021d19d4c1a0 Exception <a 'java/lang/NoSuchMethodError'{0x00000000c53eb248}: 'int java.lang.invoke.DirectMethodHandle$Holder.invokeSpecialIFC(java.lang.Object, java.lang.Object, java.lang.Object)'> (0x00000000c53eb248) 
thrown [s\open\src\hotspot\share\interpreter\linkResolver.cpp, line 774]
Event: 2.531 Thread 0x0000021d19d4c1a0 Exception <a 'java/lang/NoSuchMethodError'{0x00000000c520ee78}: 'java.lang.Object java.lang.invoke.DirectMethodHandle$Holder.invokeStaticInit(java.lang.Object, java.lang.Object, java.lang.Object, java.lang.Object, java.lang.Object, java.lang.Object, java.lang.Object)'> (0x00000000c520ee78) 
thrown [s\open\src\hotspot\share\interpreter\linkResolver.cpp, line 774]
Event: 2.532 Thread 0x0000021d19d4c1a0 Exception <a 'java/lang/NoSuchMethodError'{0x00000000c5213818}: 'java.lang.Object java.lang.invoke.Invokers$Holder.invoke_MT(java.lang.Object, java.lang.Object, java.lang.Object, java.lang.Object, java.lang.Object, java.lang.Object, java.lang.Object, java.lang.Object, java.lang.Object, java.lang.Object)'> (0x00000000c5213818) 
thrown [s\open\src\hotspot\share\interpreter\linkResolver.cpp, line 774]
Event: 2.537 Thread 0x0000021d19d4c1a0 Exception <a 'java/lang/NoSuchMethodError'{0x00000000c5227020}: 'void java.lang.invoke.DelegatingMethodHandle$Holder.delegate(java.lang.Object, java.lang.Object, int, java.lang.Object)'> (0x00000000c5227020) 
thrown [s\open\src\hotspot\share\interpreter\linkResolver.cpp, line 774]
Event: 2.542 Thread 0x0000021d19d4c1a0 Exception <a 'java/lang/NoSuchMethodError'{0x00000000c5245128}: 'int java.lang.invoke.DirectMethodHandle$Holder.invokeVirtual(java.lang.Object, java.lang.Object, java.lang.Object)'> (0x00000000c5245128) 
thrown [s\open\src\hotspot\share\interpreter\linkResolver.cpp, line 774]
Event: 2.543 Thread 0x0000021d19d4c1a0 Exception <a 'java/lang/NoSuchMethodError'{0x00000000c52496f8}: 'int java.lang.invoke.DirectMethodHandle$Holder.invokeStaticInit(java.lang.Object, int, int)'> (0x00000000c52496f8) 
thrown [s\open\src\hotspot\share\interpreter\linkResolver.cpp, line 774]
Event: 2.544 Thread 0x0000021d19d4c1a0 Exception <a 'java/lang/NoSuchMethodError'{0x00000000c5250e80}: 'int java.lang.invoke.DirectMethodHandle$Holder.invokeStaticInit(java.lang.Object, long, long)'> (0x00000000c5250e80) 
thrown [s\open\src\hotspot\share\interpreter\linkResolver.cpp, line 774]
Event: 2.545 Thread 0x0000021d19d4c1a0 Exception <a 'java/lang/NoSuchMethodError'{0x00000000c5257ba8}: 'int java.lang.invoke.DirectMethodHandle$Holder.invokeStaticInit(java.lang.Object, float, float)'> (0x00000000c5257ba8) 
thrown [s\open\src\hotspot\share\interpreter\linkResolver.cpp, line 774]
Event: 2.546 Thread 0x0000021d19d4c1a0 Exception <a 'java/lang/NoSuchMethodError'{0x00000000c525e8c8}: 'int java.lang.invoke.DirectMethodHandle$Holder.invokeStaticInit(java.lang.Object, double, double)'> (0x00000000c525e8c8) 
thrown [s\open\src\hotspot\share\interpreter\linkResolver.cpp, line 774]
Event: 2.546 Thread 0x0000021d19d4c1a0 Exception <a 'java/lang/NoSuchMethodError'{0x00000000c5263108}: 'int java.lang.invoke.DirectMethodHandle$Holder.invokeStatic(java.lang.Object, long)'> (0x00000000c5263108) 
thrown [s\open\src\hotspot\share\interpreter\linkResolver.cpp, line 774]
Event: 2.551 Thread 0x0000021d19d4c1a0 Exception <a 'java/lang/NoSuchMethodError'{0x00000000c5285310}: 'java.lang.Object java.lang.invoke.DirectMethodHandle$Holder.invokeSpecial(java.lang.Object, java.lang.Object, int, java.lang.Object, java.lang.Object)'> (0x00000000c5285310) 
thrown [s\open\src\hotspot\share\interpreter\linkResolver.cpp, line 774]
Event: 2.552 Thread 0x0000021d19d4c1a0 Exception <a 'java/lang/NoSuchMethodError'{0x00000000c5288d50}: 'java.lang.Object java.lang.invoke.DelegatingMethodHandle$Holder.delegate(java.lang.Object, int, java.lang.Object, java.lang.Object)'> (0x00000000c5288d50) 
thrown [s\open\src\hotspot\share\interpreter\linkResolver.cpp, line 774]
Event: 2.555 Thread 0x0000021d19d4c1a0 Exception <a 'java/lang/NoSuchMethodError'{0x00000000c52981c0}: 'int java.lang.invoke.Invokers$Holder.linkToTargetMethod(java.lang.Object, java.lang.Object, java.lang.Object)'> (0x00000000c52981c0) 
thrown [s\open\src\hotspot\share\interpreter\linkResolver.cpp, line 774]
Event: 2.559 Thread 0x0000021d19d4c1a0 Exception <a 'java/lang/NoSuchMethodError'{0x00000000c52a72c0}: 'long java.lang.invoke.DirectMethodHandle$Holder.invokeSpecial(java.lang.Object, java.lang.Object)'> (0x00000000c52a72c0) 
thrown [s\open\src\hotspot\share\interpreter\linkResolver.cpp, line 774]

ZGC Phase Switch (0 events):
No events

VM Operations (20 events):
Event: 1.564 Executing VM operation: HandshakeAllThreads (Deoptimize)
Event: 1.564 Executing VM operation: HandshakeAllThreads (Deoptimize) done
Event: 1.583 Executing VM operation: HandshakeAllThreads (Deoptimize)
Event: 1.583 Executing VM operation: HandshakeAllThreads (Deoptimize) done
Event: 1.607 Executing VM operation: G1CollectForAllocation (G1 Evacuation Pause)
Event: 1.616 Executing VM operation: G1CollectForAllocation (G1 Evacuation Pause) done
Event: 1.620 Executing VM operation: HandshakeAllThreads (Deoptimize)
Event: 1.620 Executing VM operation: HandshakeAllThreads (Deoptimize) done
Event: 1.636 Executing VM operation: HandshakeAllThreads (Deoptimize)
Event: 1.636 Executing VM operation: HandshakeAllThreads (Deoptimize) done
Event: 2.007 Executing VM operation: HandshakeAllThreads (Deoptimize)
Event: 2.007 Executing VM operation: HandshakeAllThreads (Deoptimize) done
Event: 2.007 Executing VM operation: HandshakeAllThreads (Deoptimize)
Event: 2.007 Executing VM operation: HandshakeAllThreads (Deoptimize) done
Event: 2.095 Executing VM operation: HandshakeAllThreads (Deoptimize)
Event: 2.095 Executing VM operation: HandshakeAllThreads (Deoptimize) done
Event: 2.235 Executing VM operation: G1CollectForAllocation (G1 Evacuation Pause)
Event: 2.256 Executing VM operation: G1CollectForAllocation (G1 Evacuation Pause) done
Event: 2.534 Executing VM operation: HandshakeAllThreads (Deoptimize)
Event: 2.534 Executing VM operation: HandshakeAllThreads (Deoptimize) done

Events (19 events):
Event: 0.059 Thread 0x0000021d19d4c1a0 Thread added: 0x0000021d19d4c1a0
Event: 0.084 Thread 0x0000021d36aa5520 Thread added: 0x0000021d36aa5520
Event: 0.084 Thread 0x0000021d36aa72a0 Thread added: 0x0000021d36aa72a0
Event: 0.085 Thread 0x0000021d36aaa4a0 Thread added: 0x0000021d36aaa4a0
Event: 0.085 Thread 0x0000021d36aab0b0 Thread added: 0x0000021d36aab0b0
Event: 0.085 Thread 0x0000021d36aac2b0 Thread added: 0x0000021d36aac2b0
Event: 0.085 Thread 0x0000021d36aaf6b0 Thread added: 0x0000021d36aaf6b0
Event: 0.085 Thread 0x0000021d36ab17a0 Thread added: 0x0000021d36ab17a0
Event: 0.085 Thread 0x0000021d36abfc90 Thread added: 0x0000021d36abfc90
Event: 0.206 Thread 0x0000021d36b6e650 Thread added: 0x0000021d36b6e650
Event: 0.327 Thread 0x0000021d7c194140 Thread added: 0x0000021d7c194140
Event: 0.327 Thread 0x0000021d7c1947b0 Thread added: 0x0000021d7c1947b0
Event: 0.596 Thread 0x0000021d7c19b6c0 Thread added: 0x0000021d7c19b6c0
Event: 1.396 Thread 0x0000021d7c7e4c70 Thread added: 0x0000021d7c7e4c70
Event: 1.397 Thread 0x0000021d7c946180 Thread added: 0x0000021d7c946180
Event: 1.397 Thread 0x0000021d7c9467f0 Thread added: 0x0000021d7c9467f0
Event: 1.438 Thread 0x0000021d7c19b6c0 Thread exited: 0x0000021d7c19b6c0
Event: 1.971 Thread 0x0000021d7cef1060 Thread added: 0x0000021d7cef1060
Event: 2.665 Thread 0x0000021d7d322310 Thread added: 0x0000021d7d322310


Dynamic libraries:
0x00007ff720900000 - 0x00007ff720910000 	C:\Program Files\Java\jdk-22\bin\java.exe
0x00007ffcbcab0000 - 0x00007ffcbcca8000 	C:\Windows\SYSTEM32\ntdll.dll
0x00007ffcbc810000 - 0x00007ffcbc8cd000 	C:\Windows\System32\KERNEL32.DLL
0x00007ffcba480000 - 0x00007ffcba776000 	C:\Windows\System32\KERNELBASE.dll
0x00007ffcba330000 - 0x00007ffcba430000 	C:\Windows\System32\ucrtbase.dll
0x00007ffcb4e40000 - 0x00007ffcb4e57000 	C:\Program Files\Java\jdk-22\bin\jli.dll
0x00007ffcb4700000 - 0x00007ffcb471b000 	C:\Program Files\Java\jdk-22\bin\VCRUNTIME140.dll
0x00007ffcbbd50000 - 0x00007ffcbbe00000 	C:\Windows\System32\ADVAPI32.dll
0x00007ffcbc2a0000 - 0x00007ffcbc33e000 	C:\Windows\System32\msvcrt.dll
0x00007ffcbc5a0000 - 0x00007ffcbc640000 	C:\Windows\System32\sechost.dll
0x00007ffcbc340000 - 0x00007ffcbc463000 	C:\Windows\System32\RPCRT4.dll
0x00007ffcba950000 - 0x00007ffcba977000 	C:\Windows\System32\bcrypt.dll
0x00007ffcbc8d0000 - 0x00007ffcbca6f000 	C:\Windows\System32\USER32.dll
0x00007ffcba260000 - 0x00007ffcba282000 	C:\Windows\System32\win32u.dll
0x00007ffcbb200000 - 0x00007ffcbb22b000 	C:\Windows\System32\GDI32.dll
0x00007ffcba780000 - 0x00007ffcba897000 	C:\Windows\System32\gdi32full.dll
0x00007ffcba290000 - 0x00007ffcba32d000 	C:\Windows\System32\msvcp_win.dll
0x00007ffcac830000 - 0x00007ffcacaca000 	C:\Windows\WinSxS\amd64_microsoft.windows.common-controls_6595b64144ccf1df_6.0.19041.4355_none_60b8b9eb71f62e16\COMCTL32.dll
0x00007ffcab010000 - 0x00007ffcab01a000 	C:\Windows\SYSTEM32\VERSION.dll
0x00007ffcbbe90000 - 0x00007ffcbbec2000 	C:\Windows\System32\IMM32.DLL
0x00007ffcb58d0000 - 0x00007ffcb58dc000 	C:\Program Files\Java\jdk-22\bin\vcruntime140_1.dll
0x00007ffc9e1e0000 - 0x00007ffc9e26e000 	C:\Program Files\Java\jdk-22\bin\msvcp140.dll
0x00007ffc891f0000 - 0x00007ffc89f37000 	C:\Program Files\Java\jdk-22\bin\server\jvm.dll
0x00007ffcbc230000 - 0x00007ffcbc29b000 	C:\Windows\System32\WS2_32.dll
0x00007ffcb4790000 - 0x00007ffcb47b7000 	C:\Windows\SYSTEM32\WINMM.dll
0x00007ffcb9fb0000 - 0x00007ffcb9ffb000 	C:\Windows\SYSTEM32\POWRPROF.dll
0x00007ffcb9f90000 - 0x00007ffcb9fa2000 	C:\Windows\SYSTEM32\UMPDC.dll
0x00007ffcb7fe0000 - 0x00007ffcb7ff2000 	C:\Windows\SYSTEM32\kernel.appcore.dll
0x00007ffcb5870000 - 0x00007ffcb587a000 	C:\Program Files\Java\jdk-22\bin\jimage.dll
0x00007ffca6f30000 - 0x00007ffca7114000 	C:\Windows\SYSTEM32\DBGHELP.DLL
0x00007ffca6ef0000 - 0x00007ffca6f24000 	C:\Windows\SYSTEM32\dbgcore.DLL
0x00007ffcba1d0000 - 0x00007ffcba252000 	C:\Windows\System32\bcryptPrimitives.dll
0x00007ffcb7960000 - 0x00007ffcb796f000 	C:\Program Files\Java\jdk-22\bin\instrument.dll
0x00007ffcb44e0000 - 0x00007ffcb44fe000 	C:\Program Files\Java\jdk-22\bin\java.dll
0x00007ffcbb250000 - 0x00007ffcbb9bb000 	C:\Windows\System32\SHELL32.dll
0x00007ffcbaae0000 - 0x00007ffcbac0b000 	C:\Windows\System32\ole32.dll
0x00007ffcbbed0000 - 0x00007ffcbc223000 	C:\Windows\System32\combase.dll
0x00007ffcb81e0000 - 0x00007ffcb897d000 	C:\Windows\SYSTEM32\windows.storage.dll
0x00007ffcb9ab0000 - 0x00007ffcb9ade000 	C:\Windows\SYSTEM32\Wldp.dll
0x00007ffcbc4d0000 - 0x00007ffcbc59d000 	C:\Windows\System32\OLEAUT32.dll
0x00007ffcbb9d0000 - 0x00007ffcbba7d000 	C:\Windows\System32\SHCORE.dll
0x00007ffcbad30000 - 0x00007ffcbad85000 	C:\Windows\System32\shlwapi.dll
0x00007ffcba090000 - 0x00007ffcba0b4000 	C:\Windows\SYSTEM32\profapi.dll
0x00007ffc90ac0000 - 0x00007ffc90b97000 	C:\Program Files\Java\jdk-22\bin\jsvml.dll
0x00007ffcb4380000 - 0x00007ffcb4397000 	C:\Program Files\Java\jdk-22\bin\zip.dll
0x00007ffcb4d10000 - 0x00007ffcb4d20000 	C:\Program Files\Java\jdk-22\bin\net.dll
0x00007ffcb9810000 - 0x00007ffcb987a000 	C:\Windows\system32\mswsock.dll
0x00007ffcb43a0000 - 0x00007ffcb43b6000 	C:\Program Files\Java\jdk-22\bin\nio.dll
0x00007ffcb5c20000 - 0x00007ffcb5c3a000 	C:\Program Files\JetBrains\IntelliJ IDEA Community Edition 2023.3.6\bin\breakgen64.dll
0x00007ffcb4b60000 - 0x00007ffcb4b69000 	C:\Program Files\Java\jdk-22\bin\extnet.dll
0x00007ffcb4370000 - 0x00007ffcb4380000 	C:\Program Files\Java\jdk-22\bin\verify.dll
0x00007ffcb9a10000 - 0x00007ffcb9a28000 	C:\Windows\SYSTEM32\CRYPTSP.dll
0x00007ffcb9130000 - 0x00007ffcb9164000 	C:\Windows\system32\rsaenh.dll
0x00007ffcba000000 - 0x00007ffcba02e000 	C:\Windows\SYSTEM32\USERENV.dll
0x00007ffcb9a00000 - 0x00007ffcb9a0c000 	C:\Windows\SYSTEM32\CRYPTBASE.dll
0x00007ffcb94f0000 - 0x00007ffcb952b000 	C:\Windows\SYSTEM32\IPHLPAPI.DLL
0x00007ffcbb9c0000 - 0x00007ffcbb9c8000 	C:\Windows\System32\NSI.dll
0x00007ffcb9530000 - 0x00007ffcb95fb000 	C:\Windows\SYSTEM32\DNSAPI.dll
0x00007ffcb4ed0000 - 0x00007ffcb4eda000 	C:\Windows\System32\rasadhlp.dll
0x00007ffcaba30000 - 0x00007ffcabab0000 	C:\Windows\System32\fwpuclnt.dll
0x00007ffcb5be0000 - 0x00007ffcb5bee000 	C:\Program Files\Java\jdk-22\bin\sunmscapi.dll
0x00007ffcba980000 - 0x00007ffcbaade000 	C:\Windows\System32\CRYPT32.dll
0x00007ffcb9b20000 - 0x00007ffcb9b49000 	C:\Windows\SYSTEM32\ncrypt.dll
0x00007ffcb9ae0000 - 0x00007ffcb9b1b000 	C:\Windows\SYSTEM32\NTASN1.dll
0x00007ffcb6030000 - 0x00007ffcb6037000 	C:\Windows\system32\wshunix.dll
0x00007ffcb75d0000 - 0x00007ffcb75e7000 	C:\Windows\system32\napinsp.dll
0x00007ffcb61b0000 - 0x00007ffcb61cb000 	C:\Windows\system32\pnrpnsp.dll
0x00007ffcb6740000 - 0x00007ffcb6755000 	C:\Windows\system32\wshbth.dll
0x00007ffcb7470000 - 0x00007ffcb748d000 	C:\Windows\system32\NLAapi.dll
0x00007ffcb7770000 - 0x00007ffcb7782000 	C:\Windows\System32\winrnr.dll

dbghelp: loaded successfully - version: 4.0.5 - missing functions: none
symbol engine: initialized successfully - sym options: 0x614 - pdb path: (cannot be retrieved)

VM Arguments:
jvm_args: -ea --enable-preview -Didea.test.cyclic.buffer.size=1048576 -javaagent:C:\Program Files\JetBrains\IntelliJ IDEA Community Edition 2023.3.6\lib\idea_rt.jar=1293:C:\Program Files\JetBrains\IntelliJ IDEA Community Edition 2023.3.6\bin -Dfile.encoding=UTF-8 -Dsun.stdout.encoding=UTF-8 -Dsun.stderr.encoding=UTF-8 
java_command: com.intellij.rt.testng.RemoteTestNGStarter -usedefaultlisteners false -socket1292 @w@C:\Users\hp\AppData\Local\Temp\idea_working_dirs_testng4.tmp -temp C:\Users\hp\AppData\Local\Temp\idea_testng7.tmp
java_class_path (initial): C:\Program Files\JetBrains\IntelliJ IDEA Community Edition 2023.3.6\lib\idea_rt.jar;C:\Program Files\JetBrains\IntelliJ IDEA Community Edition 2023.3.6\plugins\testng\lib\testng-rt.jar;C:\Users\hp\Downloads\AutomationPracticeProjectRefactored\target\test-classes;C:\Users\hp\Downloads\AutomationPracticeProjectRefactored\target\classes;C:\Users\hp\.m2\repository\org\testng\testng\7.10.1\testng-7.10.1.jar;C:\Users\hp\.m2\repository\org\slf4j\slf4j-api\1.7.36\slf4j-api-1.7.36.jar;C:\Users\hp\.m2\repository\com\beust\jcommander\1.82\jcommander-1.82.jar;C:\Users\hp\.m2\repository\org\webjars\jquery\3.7.1\jquery-3.7.1.jar;C:\Users\hp\.m2\repository\org\seleniumhq\selenium\selenium-java\4.20.0\selenium-java-4.20.0.jar;C:\Users\hp\.m2\repository\org\seleniumhq\selenium\selenium-api\4.20.0\selenium-api-4.20.0.jar;C:\Users\hp\.m2\repository\org\seleniumhq\selenium\selenium-chrome-driver\4.20.0\selenium-chrome-driver-4.20.0.jar;C:\Users\hp\.m2\repository\com\google\auto\service\auto-service-annotations\1.1.1\auto-service-annotations-1.1.1.jar;C:\Users\hp\.m2\repository\org\seleniumhq\selenium\selenium-chromium-driver\4.20.0\selenium-chromium-driver-4.20.0.jar;C:\Users\hp\.m2\repository\org\seleniumhq\selenium\selenium-json\4.20.0\selenium-json-4.20.0.jar;C:\Users\hp\.m2\repository\org\seleniumhq\selenium\selenium-manager\4.20.0\selenium-manager-4.20.0.jar;C:\Users\hp\.m2\repository\org\seleniumhq\selenium\selenium-devtools-v122\4.20.0\selenium-devtools-v122-4.20.0.jar;C:\Users\hp\.m2\repository\org\seleniumhq\selenium\selenium-devtools-v123\4.20.0\selenium-devtools-v123-4.20.0.jar;C:\Users\hp\.m2\repository\org\seleniumhq\selenium\selenium-devtools-v124\4.20.0\selenium-devtools-v124-4.20.0.jar;C:\Users\hp\.m2\repository\org\seleniumhq\selenium\selenium-devtools-v85\4.20.0\selenium-devtools-v85-4.20.0.jar;C:\Users\hp\.m2\repository\org\seleniumhq\selenium\selenium-edge-driver\4.20.0\selenium-edge-driver-4.20.0.jar;C:\Users\hp\.m2\repository\org\seleniumhq\selenium\selenium-firefox-driver\4.20.0\selenium-firefox-driver-4.20.0.jar;C:\Users\hp\.m2\repository\org\seleniumhq\selenium\selenium-http\4.20.0\selenium-http-4.20.0.jar;C:\Users\hp\.m2\repository\dev\failsafe\failsafe\3.3.2\failsafe-3.3.2.jar;C:\Users\hp\.m2\repository\org\seleniumhq\selenium\selenium-ie-driver\4.20.0\selenium-ie-driver-4.20.0.jar;C:\Users\hp\.m2\repository\org\seleniumhq\selenium\selenium-remote-driver\4.20.0\selenium-remote-driver-4.20.0.jar;C:\Users\hp\.m2\repository\com\google\guava\guava\33.1.0-jre\guava-33.1.0-jre.jar;C:\Users\hp\.m2\repository\com\google\guava\failureaccess\1.0.2\failureaccess-1.0.2.jar;C:\Users\hp\.m2\repository\com\google\guava\listenablefuture\9999.0-empty-to-avoid-conflict-with-guava\listenablefuture-9999.0-empty-to-avoid-conflict-with-guava.jar;C:\Users\hp\.m2\repository\com\google\code\findbugs\jsr305\3.0.2\jsr305-3.0.2.jar;C:\Users\hp\.m2\repository\org\checkerframework\checker-qual\3.42.0\checker-qual-3.42.0.jar;C:\Users\hp\.m2\repository\com\google\errorprone\error_prone_annotations\2.26.1\error_prone_annotations-2.26.1.jar;C:\Users\hp\.m2\repository\com\google\j2objc\j2objc-annotations\3.0.0\j2objc-annotations-3.0.0.jar;C:\Users\hp\.m2\repository\io\opentelemetry\semconv\opentelemetry-semconv\1.25.0-alpha\opentelemetry-semconv-1.25.0-alpha.jar;C:\Users\hp\.m2\repository\io\opentelemetry\opentelemetry-api\1.37.0\opentelemetry-api-1.37.0.jar;C:\Users\hp\.m2\repository\io\opentelemetry\opentelemetry-context\1.37.0\opentelemetry-context-1.37.0.jar;C:\Users\hp\.m2\repository\io\opentelemetry\opentelemetry-exporter-logging\1.37.0\opentelemetry-exporter-logging-1.37.0.jar;C:\Users\hp\.m2\repository\io\opentelemetry\opentelemetry-sdk-common\1.37.0\opentelemetry-sdk-common-1.37.0.jar;C:\Users\hp\.m2\repository\io\opentelemetry\opentelemetry-sdk-extension-autoconfigure-spi\1.37.0\opentelemetry-sdk-extension-autoconfigure-spi-1.37.0.jar;C:\Users\hp\.m2\repository\io\opentelemetry\opentelemetry-sdk-extension-autoconfigure\1.37.0\opentelemetry-sdk-extension-autoconfigure-1.37.0.jar;C:\Users\hp\.m2\repository\io\opentelemetry\opentelemetry-api-incubator\1.37.0-alpha\opentelemetry-api-incubator-1.37.0-alpha.jar;C:\Users\hp\.m2\repository\io\opentelemetry\opentelemetry-sdk-trace\1.37.0\opentelemetry-sdk-trace-1.37.0.jar;C:\Users\hp\.m2\repository\io\opentelemetry\opentelemetry-sdk\1.37.0\opentelemetry-sdk-1.37.0.jar;C:\Users\hp\.m2\repository\io\opentelemetry\opentelemetry-sdk-metrics\1.37.0\opentelemetry-sdk-metrics-1.37.0.jar;C:\Users\hp\.m2\repository\io\opentelemetry\opentelemetry-sdk-logs\1.37.0\opentelemetry-sdk-logs-1.37.0.jar;C:\Users\hp\.m2\repository\net\bytebuddy\byte-buddy\1.14.14\byte-buddy-1.14.14.jar;C:\Users\hp\.m2\repository\org\seleniumhq\selenium\selenium-os\4.20.0\selenium-os-4.20.0.jar;C:\Users\hp\.m2\repository\org\apache\commons\commons-exec\1.4.0\commons-exec-1.4.0.jar;C:\Users\hp\.m2\repository\org\seleniumhq\selenium\selenium-safari-driver\4.20.0\selenium-safari-driver-4.20.0.jar;C:\Users\hp\.m2\repository\org\seleniumhq\selenium\selenium-support\4.20.0\selenium-support-4.20.0.jar;C:\Users\hp\.m2\repository\org\apache\poi\poi-ooxml\5.2.5\poi-ooxml-5.2.5.jar;C:\Users\hp\.m2\repository\org\apache\poi\poi\5.2.5\poi-5.2.5.jar;C:\Users\hp\.m2\repository\commons-codec\commons-codec\1.16.0\commons-codec-1.16.0.jar;C:\Users\hp\.m2\repository\org\apache\commons\commons-math3\3.6.1\commons-math3-3.6.1.jar;C:\Users\hp\.m2\repository\com\zaxxer\SparseBitSet\1.3\SparseBitSet-1.3.jar;C:\Users\hp\.m2\repository\org\apache\poi\poi-ooxml-lite\5.2.5\poi-ooxml-lite-5.2.5.jar;C:\Users\hp\.m2\repository\org\apache\xmlbeans\xmlbeans\5.2.0\xmlbeans-5.2.0.jar;C:\Users\hp\.m2\repository\org\apache\commons\commons-compress\1.25.0\commons-compress-1.25.0.jar;C:\Users\hp\.m2\repository\commons-io\commons-io\2.15.0\commons-io-2.15.0.jar;C:\Users\hp\.m2\repository\com\github\virtuald\curvesapi\1.08\curvesapi-1.08.jar;C:\Users\hp\.m2\repository\org\apache\logging\log4j\log4j-api\2.21.1\log4j-api-2.21.1.jar;C:\Users\hp\.m2\repository\org\apache\commons\commons-collections4\4.4\commons-collections4-4.4.jar;C:\Users\hp\.m2\repository\io\github\bonigarcia\webdrivermanager\5.7.0\webdrivermanager-5.7.0.jar;C:\Users\hp\.m2\repository\com\google\code\gson\gson\2.10.1\gson-2.10.1.jar;C:\Users\hp\.m2\repository\com\github\docker-java\docker-java\3.3.5\docker-java-3.3.5.jar;C:\Users\hp\.m2\repository\com\github\docker-java\docker-java-core\3.3.5\docker-java-core-3.3.5.jar;C:\Users\hp\.m2\repository\com\github\docker-java\docker-java-api\3.3.5\docker-java-api-3.3.5.jar;C:\Users\hp\.m2\repository\com\fasterxml\jackson\core\jackson-annotations\2.10.3\jackson-annotations-2.10.3.jar;C:\Users\hp\.m2\repository\com\fasterxml\jackson\core\jackson-databind\2.10.3\jackson-databind-2.10.3.jar;C:\Users\hp\.m2\repository\com\fasterxml\jackson\core\jackson-core\2.10.3\jackson-core-2.10.3.jar;C:\Users\hp\.m2\repository\org\bouncycastle\bcpkix-jdk18on\1.76\bcpkix-jdk18on-1.76.jar;C:\Users\hp\.m2\repository\org\bouncycastle\bcprov-jdk18on\1.76\bcprov-jdk18on-1.76.jar;C:\Users\hp\.m2\repository\org\bouncycastle\bcutil-jdk18on\1.76\bcutil-jdk18on-1.76.jar;C:\Users\hp\.m2\repository\org\slf4j\jcl-over-slf4j\1.7.30\jcl-over-slf4j-1.7.30.jar;C:\Users\hp\.m2\repository\com\github\docker-java\docker-java-transport-httpclient5\3.3.5\docker-java-transport-httpclient5-3.3.5.jar;C:\Users\hp\.m2\repository\com\github\docker-java\docker-java-transport\3.3.5\docker-java-transport-3.3.5.jar;C:\Users\hp\.m2\repository\net\java\dev\jna\jna\5.13.0\jna-5.13.0.jar;C:\Users\hp\.m2\repository\org\brotli\dec\0.1.2\dec-0.1.2.jar;C:\Users\hp\.m2\repository\org\apache\commons\commons-lang3\3.14.0\commons-lang3-3.14.0.jar;C:\Users\hp\.m2\repository\org\apache\httpcomponents\client5\httpclient5\5.2.1\httpclient5-5.2.1.jar;C:\Users\hp\.m2\repository\org\apache\httpcomponents\core5\httpcore5\5.2\httpcore5-5.2.jar;C:\Users\hp\.m2\repository\org\apache\httpcomponents\core5\httpcore5-h2\5.2\httpcore5-h2-5.2.jar
Launcher Type: SUN_STANDARD

[Global flags]
     intx CICompilerCount                          = 3                                         {product} {ergonomic}
     uint ConcGCThreads                            = 1                                         {product} {ergonomic}
     uint G1ConcRefinementThreads                  = 4                                         {product} {ergonomic}
   size_t G1HeapRegionSize                         = 1048576                                   {product} {ergonomic}
   size_t InitialHeapSize                          = 67108864                                  {product} {ergonomic}
   size_t MarkStackSize                            = 4194304                                   {product} {ergonomic}
   size_t MaxHeapSize                              = 1046478848                                {product} {ergonomic}
   size_t MaxNewSize                               = 627048448                                 {product} {ergonomic}
   size_t MinHeapDeltaBytes                        = 1048576                                   {product} {ergonomic}
   size_t MinHeapSize                              = 8388608                                   {product} {ergonomic}
    uintx NonNMethodCodeHeapSize                   = 5832780                                {pd product} {ergonomic}
    uintx NonProfiledCodeHeapSize                  = 122912730                              {pd product} {ergonomic}
    uintx ProfiledCodeHeapSize                     = 122912730                              {pd product} {ergonomic}
    uintx ReservedCodeCacheSize                    = 251658240                              {pd product} {ergonomic}
     bool SegmentedCodeCache                       = true                                      {product} {ergonomic}
   size_t SoftMaxHeapSize                          = 1046478848                             {manageable} {ergonomic}
     bool UseCompressedOops                        = true                           {product lp64_product} {ergonomic}
     bool UseG1GC                                  = true                                      {product} {ergonomic}
     bool UseLargePagesIndividualAllocation        = false                                  {pd product} {ergonomic}

Logging:
Log output configuration:
 #0: stdout all=warning uptime,level,tags foldmultilines=false
 #1: stderr all=off uptime,level,tags foldmultilines=false

Environment Variables:
JAVA_HOME=C:\Program Files\Java\jdk-22
PATH=C:\Program Files\Common Files\Oracle\Java\javapath;C:\Program Files (x86)\Common Files\Oracle\Java\java8path;C:\Program Files (x86)\Common Files\Oracle\Java\javapath;C:\Windows\system32;C:\Windows;C:\Windows\System32\Wbem;C:\Windows\System32\WindowsPowerShell\v1.0\;C:\Windows\System32\OpenSSH\;C:\Program Files\Java\jdk-1.8\bin;C:\Program Files\Java\jdk-22\bin;C:\Program Files\Git\cmd;C:\Users\hp\AppData\Local\Microsoft\WindowsApps;;C:\Program Files\JetBrains\IntelliJ IDEA Community Edition 2023.3.6\bin;
USERNAME=hp
OS=Windows_NT
PROCESSOR_IDENTIFIER=Intel64 Family 6 Model 78 Stepping 3, GenuineIntel
TMP=C:\Users\hp\AppData\Local\Temp
TEMP=C:\Users\hp\AppData\Local\Temp




Periodic native trim disabled

---------------  S Y S T E M  ---------------

OS:
 Windows 10 , 64 bit Build 19041 (10.0.19041.3636)
OS uptime: 2 days 7:14 hours

CPU: total 4 (initial active 4) (2 cores per cpu, 2 threads per core) family 6 model 78 stepping 3 microcode 0xcc, cx8, cmov, fxsr, ht, mmx, 3dnowpref, sse, sse2, sse3, ssse3, sse4.1, sse4.2, popcnt, lzcnt, tsc, tscinvbit, avx, avx2, aes, erms, clmul, bmi1, bmi2, adx, fma, vzeroupper, clflush, clflushopt, rdtscp, f16c
Processor Information for all 4 processors :
  Max Mhz: 2401, Current Mhz: 2200, Mhz Limit: 2184

Memory: 4k page, system-wide physical 3988M (529M free)
TotalPageFile size 6036M (AvailPageFile size 2M)
current process WorkingSet (physical memory assigned to process): 119M, peak: 119M
current process commit charge ("private bytes"): 173M, peak: 173M

vm_info: Java HotSpot(TM) 64-Bit Server VM (22.0.1+8-16) for windows-amd64 JRE (22.0.1+8-16), built on 2024-03-12T10:33:16Z by "mach5one" with MS VC++ 17.6 (VS2022)

END.
